The target system is: Arduino -  - 
The host system is: Linux - 5.4.0-52-generic - x86_64
Checking whether the ASM compiler is GNU using "--version" matched "(GNU assembler)|(GCC)|(Free Software Foundation)":
arm-none-eabi-gcc (GNU MCU Eclipse ARM Embedded GCC, 64-bit) 8.2.1 20181213 (release) [gcc-8-branch revision 267074]
Copyright (C) 2018 Free Software Foundation, Inc.
This is free software; see the source for copying conditions.  There is NO
warranty; not even for MERCHANTABILITY or FITNESS FOR A PARTICULAR PURPOSE.

Determining if the C compiler works passed with the following output:
Change Dir: /home/fx/Arduino_stm32/tmp/build/CMakeFiles/CMakeTmp

Run Build Command(s):/usr/bin/make cmTC_1b6f3/fast && /usr/bin/make -f CMakeFiles/cmTC_1b6f3.dir/build.make CMakeFiles/cmTC_1b6f3.dir/build
make[1]: Entering directory '/home/fx/Arduino_stm32/tmp/build/CMakeFiles/CMakeTmp'
Building C object CMakeFiles/cmTC_1b6f3.dir/testCCompiler.c.obj
/home/fx/Arduino_stm32/arm-none-eabi-gcc/download/gcc-arm-none-eabi-8.2.1-1.7/bin/arm-none-eabi-gcc   -g -Os          -ffunction-sections -fdata-sections -nostdlib --param max-inline-insns-single=500  -w   -mcpu=cortex-m3  -mthumb   -g   -DGENERIC_BOOTLOADER -DF_CPU=72000000LL  -DARDUINO_ARCH_STM32F1 -DCONFIG_MAPLE_MINI_NO_DISABLE_DEBUG     -std=gnu11 --specs=nano.specs    -o CMakeFiles/cmTC_1b6f3.dir/testCCompiler.c.obj   -c /home/fx/Arduino_stm32/tmp/build/CMakeFiles/CMakeTmp/testCCompiler.c
Linking C executable cmTC_1b6f3
/usr/bin/cmake -E cmake_link_script CMakeFiles/cmTC_1b6f3.dir/link.txt --verbose=1
/home/fx/Arduino_stm32/arm-none-eabi-gcc/download/gcc-arm-none-eabi-8.2.1-1.7/bin/arm-none-eabi-gcc -g -Os          -ffunction-sections -fdata-sections -nostdlib --param max-inline-insns-single=500  -w   -mcpu=cortex-m3  -mthumb   -g   -DGENERIC_BOOTLOADER -DF_CPU=72000000LL  -DARDUINO_ARCH_STM32F1 -DCONFIG_MAPLE_MINI_NO_DISABLE_DEBUG     -std=gnu11 --specs=nano.specs   -Wl,--gc-sections -lm  CMakeFiles/cmTC_1b6f3.dir/testCCompiler.c.obj  -o cmTC_1b6f3 
/home/fx/Arduino_stm32/arm-none-eabi-gcc/download/gcc-arm-none-eabi-8.2.1-1.7/bin/../lib/gcc/arm-none-eabi/8.2.1/../../../../arm-none-eabi/bin/ld: warning: cannot find entry symbol _start; defaulting to 0000000000008000
make[1]: Leaving directory '/home/fx/Arduino_stm32/tmp/build/CMakeFiles/CMakeTmp'



Detecting C compiler ABI info compiled with the following output:
Change Dir: /home/fx/Arduino_stm32/tmp/build/CMakeFiles/CMakeTmp

Run Build Command(s):/usr/bin/make cmTC_1e581/fast && /usr/bin/make -f CMakeFiles/cmTC_1e581.dir/build.make CMakeFiles/cmTC_1e581.dir/build
make[1]: Entering directory '/home/fx/Arduino_stm32/tmp/build/CMakeFiles/CMakeTmp'
Building C object CMakeFiles/cmTC_1e581.dir/CMakeCCompilerABI.c.obj
/home/fx/Arduino_stm32/arm-none-eabi-gcc/download/gcc-arm-none-eabi-8.2.1-1.7/bin/arm-none-eabi-gcc   -g -Os          -ffunction-sections -fdata-sections -nostdlib --param max-inline-insns-single=500  -w   -mcpu=cortex-m3  -mthumb   -g   -DGENERIC_BOOTLOADER -DF_CPU=72000000LL  -DARDUINO_ARCH_STM32F1 -DCONFIG_MAPLE_MINI_NO_DISABLE_DEBUG     -std=gnu11 --specs=nano.specs    -v -o CMakeFiles/cmTC_1e581.dir/CMakeCCompilerABI.c.obj   -c /usr/share/cmake-3.16/Modules/CMakeCCompilerABI.c
Using built-in specs.
Reading specs from /home/fx/Arduino_stm32/arm-none-eabi-gcc/download/gcc-arm-none-eabi-8.2.1-1.7/bin/../lib/gcc/arm-none-eabi/8.2.1/../../../../arm-none-eabi/lib/nano.specs
rename spec link to nano_link
rename spec link_gcc_c_sequence to nano_link_gcc_c_sequence
rename spec cpp_unique_options to nano_cpp_unique_options
COLLECT_GCC=/home/fx/Arduino_stm32/arm-none-eabi-gcc/download/gcc-arm-none-eabi-8.2.1-1.7/bin/arm-none-eabi-gcc
Target: arm-none-eabi
Configured with: /Host/home/ilg/Work/arm-none-eabi-gcc-8.2.1-1.7/sources/gcc/configure --prefix=/Host/home/ilg/Work/arm-none-eabi-gcc-8.2.1-1.7/linux-x64/install/arm-none-eabi-gcc --infodir=/Host/home/ilg/Work/arm-none-eabi-gcc-8.2.1-1.7/linux-x64/install/arm-none-eabi-gcc/share/doc/info --mandir=/Host/home/ilg/Work/arm-none-eabi-gcc-8.2.1-1.7/linux-x64/install/arm-none-eabi-gcc/share/doc/man --htmldir=/Host/home/ilg/Work/arm-none-eabi-gcc-8.2.1-1.7/linux-x64/install/arm-none-eabi-gcc/share/doc/html --pdfdir=/Host/home/ilg/Work/arm-none-eabi-gcc-8.2.1-1.7/linux-x64/install/arm-none-eabi-gcc/share/doc/pdf --build=x86_64-unknown-linux-gnu --host=x86_64-unknown-linux-gnu --target=arm-none-eabi --with-pkgversion='GNU MCU Eclipse ARM Embedded GCC\x2C 64-bit' --enable-languages=c,c++ --disable-mingw-wildcard --enable-plugins --enable-lto --disable-decimal-float --disable-libffi --disable-libgomp --disable-libmudflap --disable-libquadmath --disable-libssp --disable-libstdcxx-pch --disable-nls --disable-threads --disable-tls --with-gnu-as --with-gnu-ld --with-newlib --with-headers=yes --with-python-dir=share/gcc-arm-none-eabi --with-sysroot=/Host/home/ilg/Work/arm-none-eabi-gcc-8.2.1-1.7/linux-x64/install/arm-none-eabi-gcc/arm-none-eabi --with-multilib-list=rmprofile --disable-rpath --disable-build-format-warnings --with-system-zlib
Thread model: single
gcc version 8.2.1 20181213 (release) [gcc-8-branch revision 267074] (GNU MCU Eclipse ARM Embedded GCC, 64-bit) 
COLLECT_GCC_OPTIONS='-g' '-Os' '-ffunction-sections' '-fdata-sections' '-nostdlib' '--param' 'max-inline-insns-single=500' '-w' '-mcpu=cortex-m3' '-mthumb' '-g' '-D' 'GENERIC_BOOTLOADER' '-D' 'F_CPU=72000000LL' '-D' 'ARDUINO_ARCH_STM32F1' '-D' 'CONFIG_MAPLE_MINI_NO_DISABLE_DEBUG' '-std=gnu11' '-specs=nano.specs' '-v' '-o' 'CMakeFiles/cmTC_1e581.dir/CMakeCCompilerABI.c.obj' '-c' '-mfloat-abi=soft' '-march=armv7-m'
 /home/fx/Arduino_stm32/arm-none-eabi-gcc/download/gcc-arm-none-eabi-8.2.1-1.7/bin/../libexec/gcc/arm-none-eabi/8.2.1/cc1 -isystem =/include/newlib-nano -quiet -v -imultilib thumb/v7-m/nofp -iprefix /home/fx/Arduino_stm32/arm-none-eabi-gcc/download/gcc-arm-none-eabi-8.2.1-1.7/bin/../lib/gcc/arm-none-eabi/8.2.1/ -isysroot /home/fx/Arduino_stm32/arm-none-eabi-gcc/download/gcc-arm-none-eabi-8.2.1-1.7/bin/../arm-none-eabi -D__USES_INITFINI__ -D GENERIC_BOOTLOADER -D F_CPU=72000000LL -D ARDUINO_ARCH_STM32F1 -D CONFIG_MAPLE_MINI_NO_DISABLE_DEBUG /usr/share/cmake-3.16/Modules/CMakeCCompilerABI.c -quiet -dumpbase CMakeCCompilerABI.c -mcpu=cortex-m3 -mthumb -mfloat-abi=soft -march=armv7-m -auxbase-strip CMakeFiles/cmTC_1e581.dir/CMakeCCompilerABI.c.obj -g -g -Os -w -std=gnu11 -version -ffunction-sections -fdata-sections --param max-inline-insns-single=500 -o /tmp/cck2tkLB.s
GNU C11 (GNU MCU Eclipse ARM Embedded GCC, 64-bit) version 8.2.1 20181213 (release) [gcc-8-branch revision 267074] (arm-none-eabi)
	compiled by GNU C version 7.4.0, GMP version 6.1.0, MPFR version 3.1.4, MPC version 1.0.3, isl version isl-0.18-GMP

GGC heuristics: --param ggc-min-expand=100 --param ggc-min-heapsize=131072
ignoring duplicate directory "/home/fx/Arduino_stm32/arm-none-eabi-gcc/download/gcc-arm-none-eabi-8.2.1-1.7/bin/../lib/gcc/../../lib/gcc/arm-none-eabi/8.2.1/include"
ignoring nonexistent directory "/home/fx/Arduino_stm32/arm-none-eabi-gcc/download/gcc-arm-none-eabi-8.2.1-1.7/bin/../arm-none-eabi/usr/local/include"
ignoring duplicate directory "/home/fx/Arduino_stm32/arm-none-eabi-gcc/download/gcc-arm-none-eabi-8.2.1-1.7/bin/../lib/gcc/../../lib/gcc/arm-none-eabi/8.2.1/include-fixed"
ignoring duplicate directory "/home/fx/Arduino_stm32/arm-none-eabi-gcc/download/gcc-arm-none-eabi-8.2.1-1.7/bin/../lib/gcc/../../lib/gcc/arm-none-eabi/8.2.1/../../../../arm-none-eabi/include"
ignoring nonexistent directory "/home/fx/Arduino_stm32/arm-none-eabi-gcc/download/gcc-arm-none-eabi-8.2.1-1.7/bin/../arm-none-eabi/usr/include"
#include "..." search starts here:
#include <...> search starts here:
 /home/fx/Arduino_stm32/arm-none-eabi-gcc/download/gcc-arm-none-eabi-8.2.1-1.7/bin/../arm-none-eabi/include/newlib-nano
 /home/fx/Arduino_stm32/arm-none-eabi-gcc/download/gcc-arm-none-eabi-8.2.1-1.7/bin/../lib/gcc/arm-none-eabi/8.2.1/include
 /home/fx/Arduino_stm32/arm-none-eabi-gcc/download/gcc-arm-none-eabi-8.2.1-1.7/bin/../lib/gcc/arm-none-eabi/8.2.1/include-fixed
 /home/fx/Arduino_stm32/arm-none-eabi-gcc/download/gcc-arm-none-eabi-8.2.1-1.7/bin/../lib/gcc/arm-none-eabi/8.2.1/../../../../arm-none-eabi/include
End of search list.
GNU C11 (GNU MCU Eclipse ARM Embedded GCC, 64-bit) version 8.2.1 20181213 (release) [gcc-8-branch revision 267074] (arm-none-eabi)
	compiled by GNU C version 7.4.0, GMP version 6.1.0, MPFR version 3.1.4, MPC version 1.0.3, isl version isl-0.18-GMP

GGC heuristics: --param ggc-min-expand=100 --param ggc-min-heapsize=131072
Compiler executable checksum: 3932dfe3f171f3debef22ea0ff7a4eb9
COLLECT_GCC_OPTIONS='-g' '-Os' '-ffunction-sections' '-fdata-sections' '-nostdlib' '--param' 'max-inline-insns-single=500' '-w' '-mcpu=cortex-m3' '-mthumb' '-g' '-D' 'GENERIC_BOOTLOADER' '-D' 'F_CPU=72000000LL' '-D' 'ARDUINO_ARCH_STM32F1' '-D' 'CONFIG_MAPLE_MINI_NO_DISABLE_DEBUG' '-std=gnu11' '-specs=nano.specs' '-v' '-o' 'CMakeFiles/cmTC_1e581.dir/CMakeCCompilerABI.c.obj' '-c' '-mfloat-abi=soft' '-march=armv7-m'
 /home/fx/Arduino_stm32/arm-none-eabi-gcc/download/gcc-arm-none-eabi-8.2.1-1.7/bin/../lib/gcc/arm-none-eabi/8.2.1/../../../../arm-none-eabi/bin/as -v -W -march=armv7-m -mfloat-abi=soft -meabi=5 -o CMakeFiles/cmTC_1e581.dir/CMakeCCompilerABI.c.obj /tmp/cck2tkLB.s
GNU assembler version 2.31.51 (arm-none-eabi) using BFD version (GNU MCU Eclipse ARM Embedded GCC, 64-bit) 2.31.51.20181213
COMPILER_PATH=/home/fx/Arduino_stm32/arm-none-eabi-gcc/download/gcc-arm-none-eabi-8.2.1-1.7/bin/../libexec/gcc/arm-none-eabi/8.2.1/:/home/fx/Arduino_stm32/arm-none-eabi-gcc/download/gcc-arm-none-eabi-8.2.1-1.7/bin/../libexec/gcc/:/home/fx/Arduino_stm32/arm-none-eabi-gcc/download/gcc-arm-none-eabi-8.2.1-1.7/bin/../lib/gcc/arm-none-eabi/8.2.1/../../../../arm-none-eabi/bin/
LIBRARY_PATH=/home/fx/Arduino_stm32/arm-none-eabi-gcc/download/gcc-arm-none-eabi-8.2.1-1.7/bin/../lib/gcc/arm-none-eabi/8.2.1/thumb/v7-m/nofp/:/home/fx/Arduino_stm32/arm-none-eabi-gcc/download/gcc-arm-none-eabi-8.2.1-1.7/bin/../lib/gcc/arm-none-eabi/8.2.1/../../../../arm-none-eabi/lib/thumb/v7-m/nofp/:/home/fx/Arduino_stm32/arm-none-eabi-gcc/download/gcc-arm-none-eabi-8.2.1-1.7/bin/../arm-none-eabi/lib/thumb/v7-m/nofp/:/home/fx/Arduino_stm32/arm-none-eabi-gcc/download/gcc-arm-none-eabi-8.2.1-1.7/bin/../lib/gcc/arm-none-eabi/8.2.1/:/home/fx/Arduino_stm32/arm-none-eabi-gcc/download/gcc-arm-none-eabi-8.2.1-1.7/bin/../lib/gcc/:/home/fx/Arduino_stm32/arm-none-eabi-gcc/download/gcc-arm-none-eabi-8.2.1-1.7/bin/../lib/gcc/arm-none-eabi/8.2.1/../../../../arm-none-eabi/lib/:/home/fx/Arduino_stm32/arm-none-eabi-gcc/download/gcc-arm-none-eabi-8.2.1-1.7/bin/../arm-none-eabi/lib/
COLLECT_GCC_OPTIONS='-g' '-Os' '-ffunction-sections' '-fdata-sections' '-nostdlib' '--param' 'max-inline-insns-single=500' '-w' '-mcpu=cortex-m3' '-mthumb' '-g' '-D' 'GENERIC_BOOTLOADER' '-D' 'F_CPU=72000000LL' '-D' 'ARDUINO_ARCH_STM32F1' '-D' 'CONFIG_MAPLE_MINI_NO_DISABLE_DEBUG' '-std=gnu11' '-specs=nano.specs' '-v' '-o' 'CMakeFiles/cmTC_1e581.dir/CMakeCCompilerABI.c.obj' '-c' '-mfloat-abi=soft' '-march=armv7-m'
Linking C executable cmTC_1e581
/usr/bin/cmake -E cmake_link_script CMakeFiles/cmTC_1e581.dir/link.txt --verbose=1
/home/fx/Arduino_stm32/arm-none-eabi-gcc/download/gcc-arm-none-eabi-8.2.1-1.7/bin/arm-none-eabi-gcc -g -Os          -ffunction-sections -fdata-sections -nostdlib --param max-inline-insns-single=500  -w   -mcpu=cortex-m3  -mthumb   -g   -DGENERIC_BOOTLOADER -DF_CPU=72000000LL  -DARDUINO_ARCH_STM32F1 -DCONFIG_MAPLE_MINI_NO_DISABLE_DEBUG     -std=gnu11 --specs=nano.specs   -Wl,--gc-sections -lm -v CMakeFiles/cmTC_1e581.dir/CMakeCCompilerABI.c.obj  -o cmTC_1e581 
Using built-in specs.
Reading specs from /home/fx/Arduino_stm32/arm-none-eabi-gcc/download/gcc-arm-none-eabi-8.2.1-1.7/bin/../lib/gcc/arm-none-eabi/8.2.1/../../../../arm-none-eabi/lib/nano.specs
rename spec link to nano_link
rename spec link_gcc_c_sequence to nano_link_gcc_c_sequence
rename spec cpp_unique_options to nano_cpp_unique_options
COLLECT_GCC=/home/fx/Arduino_stm32/arm-none-eabi-gcc/download/gcc-arm-none-eabi-8.2.1-1.7/bin/arm-none-eabi-gcc
COLLECT_LTO_WRAPPER=/home/fx/Arduino_stm32/arm-none-eabi-gcc/download/gcc-arm-none-eabi-8.2.1-1.7/bin/../libexec/gcc/arm-none-eabi/8.2.1/lto-wrapper
Target: arm-none-eabi
Configured with: /Host/home/ilg/Work/arm-none-eabi-gcc-8.2.1-1.7/sources/gcc/configure --prefix=/Host/home/ilg/Work/arm-none-eabi-gcc-8.2.1-1.7/linux-x64/install/arm-none-eabi-gcc --infodir=/Host/home/ilg/Work/arm-none-eabi-gcc-8.2.1-1.7/linux-x64/install/arm-none-eabi-gcc/share/doc/info --mandir=/Host/home/ilg/Work/arm-none-eabi-gcc-8.2.1-1.7/linux-x64/install/arm-none-eabi-gcc/share/doc/man --htmldir=/Host/home/ilg/Work/arm-none-eabi-gcc-8.2.1-1.7/linux-x64/install/arm-none-eabi-gcc/share/doc/html --pdfdir=/Host/home/ilg/Work/arm-none-eabi-gcc-8.2.1-1.7/linux-x64/install/arm-none-eabi-gcc/share/doc/pdf --build=x86_64-unknown-linux-gnu --host=x86_64-unknown-linux-gnu --target=arm-none-eabi --with-pkgversion='GNU MCU Eclipse ARM Embedded GCC\x2C 64-bit' --enable-languages=c,c++ --disable-mingw-wildcard --enable-plugins --enable-lto --disable-decimal-float --disable-libffi --disable-libgomp --disable-libmudflap --disable-libquadmath --disable-libssp --disable-libstdcxx-pch --disable-nls --disable-threads --disable-tls --with-gnu-as --with-gnu-ld --with-newlib --with-headers=yes --with-python-dir=share/gcc-arm-none-eabi --with-sysroot=/Host/home/ilg/Work/arm-none-eabi-gcc-8.2.1-1.7/linux-x64/install/arm-none-eabi-gcc/arm-none-eabi --with-multilib-list=rmprofile --disable-rpath --disable-build-format-warnings --with-system-zlib
Thread model: single
gcc version 8.2.1 20181213 (release) [gcc-8-branch revision 267074] (GNU MCU Eclipse ARM Embedded GCC, 64-bit) 
COMPILER_PATH=/home/fx/Arduino_stm32/arm-none-eabi-gcc/download/gcc-arm-none-eabi-8.2.1-1.7/bin/../libexec/gcc/arm-none-eabi/8.2.1/:/home/fx/Arduino_stm32/arm-none-eabi-gcc/download/gcc-arm-none-eabi-8.2.1-1.7/bin/../libexec/gcc/:/home/fx/Arduino_stm32/arm-none-eabi-gcc/download/gcc-arm-none-eabi-8.2.1-1.7/bin/../lib/gcc/arm-none-eabi/8.2.1/../../../../arm-none-eabi/bin/
LIBRARY_PATH=/home/fx/Arduino_stm32/arm-none-eabi-gcc/download/gcc-arm-none-eabi-8.2.1-1.7/bin/../lib/gcc/arm-none-eabi/8.2.1/thumb/v7-m/nofp/:/home/fx/Arduino_stm32/arm-none-eabi-gcc/download/gcc-arm-none-eabi-8.2.1-1.7/bin/../lib/gcc/arm-none-eabi/8.2.1/../../../../arm-none-eabi/lib/thumb/v7-m/nofp/:/home/fx/Arduino_stm32/arm-none-eabi-gcc/download/gcc-arm-none-eabi-8.2.1-1.7/bin/../arm-none-eabi/lib/thumb/v7-m/nofp/:/home/fx/Arduino_stm32/arm-none-eabi-gcc/download/gcc-arm-none-eabi-8.2.1-1.7/bin/../lib/gcc/arm-none-eabi/8.2.1/:/home/fx/Arduino_stm32/arm-none-eabi-gcc/download/gcc-arm-none-eabi-8.2.1-1.7/bin/../lib/gcc/:/home/fx/Arduino_stm32/arm-none-eabi-gcc/download/gcc-arm-none-eabi-8.2.1-1.7/bin/../lib/gcc/arm-none-eabi/8.2.1/../../../../arm-none-eabi/lib/:/home/fx/Arduino_stm32/arm-none-eabi-gcc/download/gcc-arm-none-eabi-8.2.1-1.7/bin/../arm-none-eabi/lib/
COLLECT_GCC_OPTIONS='-g' '-Os' '-ffunction-sections' '-fdata-sections' '-nostdlib' '--param' 'max-inline-insns-single=500' '-w' '-mcpu=cortex-m3' '-mthumb' '-g' '-D' 'GENERIC_BOOTLOADER' '-D' 'F_CPU=72000000LL' '-D' 'ARDUINO_ARCH_STM32F1' '-D' 'CONFIG_MAPLE_MINI_NO_DISABLE_DEBUG' '-std=gnu11' '-specs=nano.specs' '-v' '-o' 'cmTC_1e581' '-mfloat-abi=soft' '-march=armv7-m'
 /home/fx/Arduino_stm32/arm-none-eabi-gcc/download/gcc-arm-none-eabi-8.2.1-1.7/bin/../libexec/gcc/arm-none-eabi/8.2.1/collect2 -plugin /home/fx/Arduino_stm32/arm-none-eabi-gcc/download/gcc-arm-none-eabi-8.2.1-1.7/bin/../libexec/gcc/arm-none-eabi/8.2.1/liblto_plugin.so -plugin-opt=/home/fx/Arduino_stm32/arm-none-eabi-gcc/download/gcc-arm-none-eabi-8.2.1-1.7/bin/../libexec/gcc/arm-none-eabi/8.2.1/lto-wrapper -plugin-opt=-fresolution=/tmp/ccXU7Fk4.res --sysroot=/home/fx/Arduino_stm32/arm-none-eabi-gcc/download/gcc-arm-none-eabi-8.2.1-1.7/bin/../arm-none-eabi -X -o cmTC_1e581 -L/home/fx/Arduino_stm32/arm-none-eabi-gcc/download/gcc-arm-none-eabi-8.2.1-1.7/bin/../lib/gcc/arm-none-eabi/8.2.1/thumb/v7-m/nofp -L/home/fx/Arduino_stm32/arm-none-eabi-gcc/download/gcc-arm-none-eabi-8.2.1-1.7/bin/../lib/gcc/arm-none-eabi/8.2.1/../../../../arm-none-eabi/lib/thumb/v7-m/nofp -L/home/fx/Arduino_stm32/arm-none-eabi-gcc/download/gcc-arm-none-eabi-8.2.1-1.7/bin/../arm-none-eabi/lib/thumb/v7-m/nofp -L/home/fx/Arduino_stm32/arm-none-eabi-gcc/download/gcc-arm-none-eabi-8.2.1-1.7/bin/../lib/gcc/arm-none-eabi/8.2.1 -L/home/fx/Arduino_stm32/arm-none-eabi-gcc/download/gcc-arm-none-eabi-8.2.1-1.7/bin/../lib/gcc -L/home/fx/Arduino_stm32/arm-none-eabi-gcc/download/gcc-arm-none-eabi-8.2.1-1.7/bin/../lib/gcc/arm-none-eabi/8.2.1/../../../../arm-none-eabi/lib -L/home/fx/Arduino_stm32/arm-none-eabi-gcc/download/gcc-arm-none-eabi-8.2.1-1.7/bin/../arm-none-eabi/lib --gc-sections -lm CMakeFiles/cmTC_1e581.dir/CMakeCCompilerABI.c.obj
/home/fx/Arduino_stm32/arm-none-eabi-gcc/download/gcc-arm-none-eabi-8.2.1-1.7/bin/../lib/gcc/arm-none-eabi/8.2.1/../../../../arm-none-eabi/bin/ld: warning: cannot find entry symbol _start; defaulting to 0000000000008000
COLLECT_GCC_OPTIONS='-g' '-Os' '-ffunction-sections' '-fdata-sections' '-nostdlib' '--param' 'max-inline-insns-single=500' '-w' '-mcpu=cortex-m3' '-mthumb' '-g' '-D' 'GENERIC_BOOTLOADER' '-D' 'F_CPU=72000000LL' '-D' 'ARDUINO_ARCH_STM32F1' '-D' 'CONFIG_MAPLE_MINI_NO_DISABLE_DEBUG' '-std=gnu11' '-specs=nano.specs' '-v' '-o' 'cmTC_1e581' '-mfloat-abi=soft' '-march=armv7-m'
make[1]: Leaving directory '/home/fx/Arduino_stm32/tmp/build/CMakeFiles/CMakeTmp'



Parsed C implicit include dir info from above output: rv=done
  found start of include info
  found start of implicit include info
    add: [/home/fx/Arduino_stm32/arm-none-eabi-gcc/download/gcc-arm-none-eabi-8.2.1-1.7/bin/../arm-none-eabi/include/newlib-nano]
    add: [/home/fx/Arduino_stm32/arm-none-eabi-gcc/download/gcc-arm-none-eabi-8.2.1-1.7/bin/../lib/gcc/arm-none-eabi/8.2.1/include]
    add: [/home/fx/Arduino_stm32/arm-none-eabi-gcc/download/gcc-arm-none-eabi-8.2.1-1.7/bin/../lib/gcc/arm-none-eabi/8.2.1/include-fixed]
    add: [/home/fx/Arduino_stm32/arm-none-eabi-gcc/download/gcc-arm-none-eabi-8.2.1-1.7/bin/../lib/gcc/arm-none-eabi/8.2.1/../../../../arm-none-eabi/include]
  end of search list found
  collapse include dir [/home/fx/Arduino_stm32/arm-none-eabi-gcc/download/gcc-arm-none-eabi-8.2.1-1.7/bin/../arm-none-eabi/include/newlib-nano] ==> [/home/fx/Arduino_stm32/arm-none-eabi-gcc/download/gcc-arm-none-eabi-8.2.1-1.7/arm-none-eabi/include/newlib-nano]
  collapse include dir [/home/fx/Arduino_stm32/arm-none-eabi-gcc/download/gcc-arm-none-eabi-8.2.1-1.7/bin/../lib/gcc/arm-none-eabi/8.2.1/include] ==> [/home/fx/Arduino_stm32/arm-none-eabi-gcc/download/gcc-arm-none-eabi-8.2.1-1.7/lib/gcc/arm-none-eabi/8.2.1/include]
  collapse include dir [/home/fx/Arduino_stm32/arm-none-eabi-gcc/download/gcc-arm-none-eabi-8.2.1-1.7/bin/../lib/gcc/arm-none-eabi/8.2.1/include-fixed] ==> [/home/fx/Arduino_stm32/arm-none-eabi-gcc/download/gcc-arm-none-eabi-8.2.1-1.7/lib/gcc/arm-none-eabi/8.2.1/include-fixed]
  collapse include dir [/home/fx/Arduino_stm32/arm-none-eabi-gcc/download/gcc-arm-none-eabi-8.2.1-1.7/bin/../lib/gcc/arm-none-eabi/8.2.1/../../../../arm-none-eabi/include] ==> [/home/fx/Arduino_stm32/arm-none-eabi-gcc/download/gcc-arm-none-eabi-8.2.1-1.7/arm-none-eabi/include]
  implicit include dirs: [/home/fx/Arduino_stm32/arm-none-eabi-gcc/download/gcc-arm-none-eabi-8.2.1-1.7/arm-none-eabi/include/newlib-nano;/home/fx/Arduino_stm32/arm-none-eabi-gcc/download/gcc-arm-none-eabi-8.2.1-1.7/lib/gcc/arm-none-eabi/8.2.1/include;/home/fx/Arduino_stm32/arm-none-eabi-gcc/download/gcc-arm-none-eabi-8.2.1-1.7/lib/gcc/arm-none-eabi/8.2.1/include-fixed;/home/fx/Arduino_stm32/arm-none-eabi-gcc/download/gcc-arm-none-eabi-8.2.1-1.7/arm-none-eabi/include]


Parsed C implicit link information from above output:
  link line regex: [^( *|.*[/\])(arm-none-eabi-ld|CMAKE_LINK_STARTFILE-NOTFOUND|([^/\]+-)?ld|collect2)[^/\]*( |$)]
  ignore line: [Change Dir: /home/fx/Arduino_stm32/tmp/build/CMakeFiles/CMakeTmp]
  ignore line: []
  ignore line: [Run Build Command(s):/usr/bin/make cmTC_1e581/fast && /usr/bin/make -f CMakeFiles/cmTC_1e581.dir/build.make CMakeFiles/cmTC_1e581.dir/build]
  ignore line: [make[1]: Entering directory '/home/fx/Arduino_stm32/tmp/build/CMakeFiles/CMakeTmp']
  ignore line: [Building C object CMakeFiles/cmTC_1e581.dir/CMakeCCompilerABI.c.obj]
  ignore line: [/home/fx/Arduino_stm32/arm-none-eabi-gcc/download/gcc-arm-none-eabi-8.2.1-1.7/bin/arm-none-eabi-gcc   -g -Os          -ffunction-sections -fdata-sections -nostdlib --param max-inline-insns-single=500  -w   -mcpu=cortex-m3  -mthumb   -g   -DGENERIC_BOOTLOADER -DF_CPU=72000000LL  -DARDUINO_ARCH_STM32F1 -DCONFIG_MAPLE_MINI_NO_DISABLE_DEBUG     -std=gnu11 --specs=nano.specs    -v -o CMakeFiles/cmTC_1e581.dir/CMakeCCompilerABI.c.obj   -c /usr/share/cmake-3.16/Modules/CMakeCCompilerABI.c]
  ignore line: [Using built-in specs.]
  ignore line: [Reading specs from /home/fx/Arduino_stm32/arm-none-eabi-gcc/download/gcc-arm-none-eabi-8.2.1-1.7/bin/../lib/gcc/arm-none-eabi/8.2.1/../../../../arm-none-eabi/lib/nano.specs]
  ignore line: [rename spec link to nano_link]
  ignore line: [rename spec link_gcc_c_sequence to nano_link_gcc_c_sequence]
  ignore line: [rename spec cpp_unique_options to nano_cpp_unique_options]
  ignore line: [COLLECT_GCC=/home/fx/Arduino_stm32/arm-none-eabi-gcc/download/gcc-arm-none-eabi-8.2.1-1.7/bin/arm-none-eabi-gcc]
  ignore line: [Target: arm-none-eabi]
  ignore line: [Configured with: /Host/home/ilg/Work/arm-none-eabi-gcc-8.2.1-1.7/sources/gcc/configure --prefix=/Host/home/ilg/Work/arm-none-eabi-gcc-8.2.1-1.7/linux-x64/install/arm-none-eabi-gcc --infodir=/Host/home/ilg/Work/arm-none-eabi-gcc-8.2.1-1.7/linux-x64/install/arm-none-eabi-gcc/share/doc/info --mandir=/Host/home/ilg/Work/arm-none-eabi-gcc-8.2.1-1.7/linux-x64/install/arm-none-eabi-gcc/share/doc/man --htmldir=/Host/home/ilg/Work/arm-none-eabi-gcc-8.2.1-1.7/linux-x64/install/arm-none-eabi-gcc/share/doc/html --pdfdir=/Host/home/ilg/Work/arm-none-eabi-gcc-8.2.1-1.7/linux-x64/install/arm-none-eabi-gcc/share/doc/pdf --build=x86_64-unknown-linux-gnu --host=x86_64-unknown-linux-gnu --target=arm-none-eabi --with-pkgversion='GNU MCU Eclipse ARM Embedded GCC\x2C 64-bit' --enable-languages=c,c++ --disable-mingw-wildcard --enable-plugins --enable-lto --disable-decimal-float --disable-libffi --disable-libgomp --disable-libmudflap --disable-libquadmath --disable-libssp --disable-libstdcxx-pch --disable-nls --disable-threads --disable-tls --with-gnu-as --with-gnu-ld --with-newlib --with-headers=yes --with-python-dir=share/gcc-arm-none-eabi --with-sysroot=/Host/home/ilg/Work/arm-none-eabi-gcc-8.2.1-1.7/linux-x64/install/arm-none-eabi-gcc/arm-none-eabi --with-multilib-list=rmprofile --disable-rpath --disable-build-format-warnings --with-system-zlib]
  ignore line: [Thread model: single]
  ignore line: [gcc version 8.2.1 20181213 (release) [gcc-8-branch revision 267074] (GNU MCU Eclipse ARM Embedded GCC  64-bit) ]
  ignore line: [COLLECT_GCC_OPTIONS='-g' '-Os' '-ffunction-sections' '-fdata-sections' '-nostdlib' '--param' 'max-inline-insns-single=500' '-w' '-mcpu=cortex-m3' '-mthumb' '-g' '-D' 'GENERIC_BOOTLOADER' '-D' 'F_CPU=72000000LL' '-D' 'ARDUINO_ARCH_STM32F1' '-D' 'CONFIG_MAPLE_MINI_NO_DISABLE_DEBUG' '-std=gnu11' '-specs=nano.specs' '-v' '-o' 'CMakeFiles/cmTC_1e581.dir/CMakeCCompilerABI.c.obj' '-c' '-mfloat-abi=soft' '-march=armv7-m']
  ignore line: [ /home/fx/Arduino_stm32/arm-none-eabi-gcc/download/gcc-arm-none-eabi-8.2.1-1.7/bin/../libexec/gcc/arm-none-eabi/8.2.1/cc1 -isystem =/include/newlib-nano -quiet -v -imultilib thumb/v7-m/nofp -iprefix /home/fx/Arduino_stm32/arm-none-eabi-gcc/download/gcc-arm-none-eabi-8.2.1-1.7/bin/../lib/gcc/arm-none-eabi/8.2.1/ -isysroot /home/fx/Arduino_stm32/arm-none-eabi-gcc/download/gcc-arm-none-eabi-8.2.1-1.7/bin/../arm-none-eabi -D__USES_INITFINI__ -D GENERIC_BOOTLOADER -D F_CPU=72000000LL -D ARDUINO_ARCH_STM32F1 -D CONFIG_MAPLE_MINI_NO_DISABLE_DEBUG /usr/share/cmake-3.16/Modules/CMakeCCompilerABI.c -quiet -dumpbase CMakeCCompilerABI.c -mcpu=cortex-m3 -mthumb -mfloat-abi=soft -march=armv7-m -auxbase-strip CMakeFiles/cmTC_1e581.dir/CMakeCCompilerABI.c.obj -g -g -Os -w -std=gnu11 -version -ffunction-sections -fdata-sections --param max-inline-insns-single=500 -o /tmp/cck2tkLB.s]
  ignore line: [GNU C11 (GNU MCU Eclipse ARM Embedded GCC  64-bit) version 8.2.1 20181213 (release) [gcc-8-branch revision 267074] (arm-none-eabi)]
  ignore line: [	compiled by GNU C version 7.4.0  GMP version 6.1.0  MPFR version 3.1.4  MPC version 1.0.3  isl version isl-0.18-GMP]
  ignore line: []
  ignore line: [GGC heuristics: --param ggc-min-expand=100 --param ggc-min-heapsize=131072]
  ignore line: [ignoring duplicate directory "/home/fx/Arduino_stm32/arm-none-eabi-gcc/download/gcc-arm-none-eabi-8.2.1-1.7/bin/../lib/gcc/../../lib/gcc/arm-none-eabi/8.2.1/include"]
  ignore line: [ignoring nonexistent directory "/home/fx/Arduino_stm32/arm-none-eabi-gcc/download/gcc-arm-none-eabi-8.2.1-1.7/bin/../arm-none-eabi/usr/local/include"]
  ignore line: [ignoring duplicate directory "/home/fx/Arduino_stm32/arm-none-eabi-gcc/download/gcc-arm-none-eabi-8.2.1-1.7/bin/../lib/gcc/../../lib/gcc/arm-none-eabi/8.2.1/include-fixed"]
  ignore line: [ignoring duplicate directory "/home/fx/Arduino_stm32/arm-none-eabi-gcc/download/gcc-arm-none-eabi-8.2.1-1.7/bin/../lib/gcc/../../lib/gcc/arm-none-eabi/8.2.1/../../../../arm-none-eabi/include"]
  ignore line: [ignoring nonexistent directory "/home/fx/Arduino_stm32/arm-none-eabi-gcc/download/gcc-arm-none-eabi-8.2.1-1.7/bin/../arm-none-eabi/usr/include"]
  ignore line: [#include "..." search starts here:]
  ignore line: [#include <...> search starts here:]
  ignore line: [ /home/fx/Arduino_stm32/arm-none-eabi-gcc/download/gcc-arm-none-eabi-8.2.1-1.7/bin/../arm-none-eabi/include/newlib-nano]
  ignore line: [ /home/fx/Arduino_stm32/arm-none-eabi-gcc/download/gcc-arm-none-eabi-8.2.1-1.7/bin/../lib/gcc/arm-none-eabi/8.2.1/include]
  ignore line: [ /home/fx/Arduino_stm32/arm-none-eabi-gcc/download/gcc-arm-none-eabi-8.2.1-1.7/bin/../lib/gcc/arm-none-eabi/8.2.1/include-fixed]
  ignore line: [ /home/fx/Arduino_stm32/arm-none-eabi-gcc/download/gcc-arm-none-eabi-8.2.1-1.7/bin/../lib/gcc/arm-none-eabi/8.2.1/../../../../arm-none-eabi/include]
  ignore line: [End of search list.]
  ignore line: [GNU C11 (GNU MCU Eclipse ARM Embedded GCC  64-bit) version 8.2.1 20181213 (release) [gcc-8-branch revision 267074] (arm-none-eabi)]
  ignore line: [	compiled by GNU C version 7.4.0  GMP version 6.1.0  MPFR version 3.1.4  MPC version 1.0.3  isl version isl-0.18-GMP]
  ignore line: []
  ignore line: [GGC heuristics: --param ggc-min-expand=100 --param ggc-min-heapsize=131072]
  ignore line: [Compiler executable checksum: 3932dfe3f171f3debef22ea0ff7a4eb9]
  ignore line: [COLLECT_GCC_OPTIONS='-g' '-Os' '-ffunction-sections' '-fdata-sections' '-nostdlib' '--param' 'max-inline-insns-single=500' '-w' '-mcpu=cortex-m3' '-mthumb' '-g' '-D' 'GENERIC_BOOTLOADER' '-D' 'F_CPU=72000000LL' '-D' 'ARDUINO_ARCH_STM32F1' '-D' 'CONFIG_MAPLE_MINI_NO_DISABLE_DEBUG' '-std=gnu11' '-specs=nano.specs' '-v' '-o' 'CMakeFiles/cmTC_1e581.dir/CMakeCCompilerABI.c.obj' '-c' '-mfloat-abi=soft' '-march=armv7-m']
  ignore line: [ /home/fx/Arduino_stm32/arm-none-eabi-gcc/download/gcc-arm-none-eabi-8.2.1-1.7/bin/../lib/gcc/arm-none-eabi/8.2.1/../../../../arm-none-eabi/bin/as -v -W -march=armv7-m -mfloat-abi=soft -meabi=5 -o CMakeFiles/cmTC_1e581.dir/CMakeCCompilerABI.c.obj /tmp/cck2tkLB.s]
  ignore line: [GNU assembler version 2.31.51 (arm-none-eabi) using BFD version (GNU MCU Eclipse ARM Embedded GCC  64-bit) 2.31.51.20181213]
  ignore line: [COMPILER_PATH=/home/fx/Arduino_stm32/arm-none-eabi-gcc/download/gcc-arm-none-eabi-8.2.1-1.7/bin/../libexec/gcc/arm-none-eabi/8.2.1/:/home/fx/Arduino_stm32/arm-none-eabi-gcc/download/gcc-arm-none-eabi-8.2.1-1.7/bin/../libexec/gcc/:/home/fx/Arduino_stm32/arm-none-eabi-gcc/download/gcc-arm-none-eabi-8.2.1-1.7/bin/../lib/gcc/arm-none-eabi/8.2.1/../../../../arm-none-eabi/bin/]
  ignore line: [LIBRARY_PATH=/home/fx/Arduino_stm32/arm-none-eabi-gcc/download/gcc-arm-none-eabi-8.2.1-1.7/bin/../lib/gcc/arm-none-eabi/8.2.1/thumb/v7-m/nofp/:/home/fx/Arduino_stm32/arm-none-eabi-gcc/download/gcc-arm-none-eabi-8.2.1-1.7/bin/../lib/gcc/arm-none-eabi/8.2.1/../../../../arm-none-eabi/lib/thumb/v7-m/nofp/:/home/fx/Arduino_stm32/arm-none-eabi-gcc/download/gcc-arm-none-eabi-8.2.1-1.7/bin/../arm-none-eabi/lib/thumb/v7-m/nofp/:/home/fx/Arduino_stm32/arm-none-eabi-gcc/download/gcc-arm-none-eabi-8.2.1-1.7/bin/../lib/gcc/arm-none-eabi/8.2.1/:/home/fx/Arduino_stm32/arm-none-eabi-gcc/download/gcc-arm-none-eabi-8.2.1-1.7/bin/../lib/gcc/:/home/fx/Arduino_stm32/arm-none-eabi-gcc/download/gcc-arm-none-eabi-8.2.1-1.7/bin/../lib/gcc/arm-none-eabi/8.2.1/../../../../arm-none-eabi/lib/:/home/fx/Arduino_stm32/arm-none-eabi-gcc/download/gcc-arm-none-eabi-8.2.1-1.7/bin/../arm-none-eabi/lib/]
  ignore line: [COLLECT_GCC_OPTIONS='-g' '-Os' '-ffunction-sections' '-fdata-sections' '-nostdlib' '--param' 'max-inline-insns-single=500' '-w' '-mcpu=cortex-m3' '-mthumb' '-g' '-D' 'GENERIC_BOOTLOADER' '-D' 'F_CPU=72000000LL' '-D' 'ARDUINO_ARCH_STM32F1' '-D' 'CONFIG_MAPLE_MINI_NO_DISABLE_DEBUG' '-std=gnu11' '-specs=nano.specs' '-v' '-o' 'CMakeFiles/cmTC_1e581.dir/CMakeCCompilerABI.c.obj' '-c' '-mfloat-abi=soft' '-march=armv7-m']
  ignore line: [Linking C executable cmTC_1e581]
  ignore line: [/usr/bin/cmake -E cmake_link_script CMakeFiles/cmTC_1e581.dir/link.txt --verbose=1]
  ignore line: [/home/fx/Arduino_stm32/arm-none-eabi-gcc/download/gcc-arm-none-eabi-8.2.1-1.7/bin/arm-none-eabi-gcc -g -Os          -ffunction-sections -fdata-sections -nostdlib --param max-inline-insns-single=500  -w   -mcpu=cortex-m3  -mthumb   -g   -DGENERIC_BOOTLOADER -DF_CPU=72000000LL  -DARDUINO_ARCH_STM32F1 -DCONFIG_MAPLE_MINI_NO_DISABLE_DEBUG     -std=gnu11 --specs=nano.specs   -Wl --gc-sections -lm -v CMakeFiles/cmTC_1e581.dir/CMakeCCompilerABI.c.obj  -o cmTC_1e581 ]
  ignore line: [Using built-in specs.]
  ignore line: [Reading specs from /home/fx/Arduino_stm32/arm-none-eabi-gcc/download/gcc-arm-none-eabi-8.2.1-1.7/bin/../lib/gcc/arm-none-eabi/8.2.1/../../../../arm-none-eabi/lib/nano.specs]
  ignore line: [rename spec link to nano_link]
  ignore line: [rename spec link_gcc_c_sequence to nano_link_gcc_c_sequence]
  ignore line: [rename spec cpp_unique_options to nano_cpp_unique_options]
  ignore line: [COLLECT_GCC=/home/fx/Arduino_stm32/arm-none-eabi-gcc/download/gcc-arm-none-eabi-8.2.1-1.7/bin/arm-none-eabi-gcc]
  ignore line: [COLLECT_LTO_WRAPPER=/home/fx/Arduino_stm32/arm-none-eabi-gcc/download/gcc-arm-none-eabi-8.2.1-1.7/bin/../libexec/gcc/arm-none-eabi/8.2.1/lto-wrapper]
  ignore line: [Target: arm-none-eabi]
  ignore line: [Configured with: /Host/home/ilg/Work/arm-none-eabi-gcc-8.2.1-1.7/sources/gcc/configure --prefix=/Host/home/ilg/Work/arm-none-eabi-gcc-8.2.1-1.7/linux-x64/install/arm-none-eabi-gcc --infodir=/Host/home/ilg/Work/arm-none-eabi-gcc-8.2.1-1.7/linux-x64/install/arm-none-eabi-gcc/share/doc/info --mandir=/Host/home/ilg/Work/arm-none-eabi-gcc-8.2.1-1.7/linux-x64/install/arm-none-eabi-gcc/share/doc/man --htmldir=/Host/home/ilg/Work/arm-none-eabi-gcc-8.2.1-1.7/linux-x64/install/arm-none-eabi-gcc/share/doc/html --pdfdir=/Host/home/ilg/Work/arm-none-eabi-gcc-8.2.1-1.7/linux-x64/install/arm-none-eabi-gcc/share/doc/pdf --build=x86_64-unknown-linux-gnu --host=x86_64-unknown-linux-gnu --target=arm-none-eabi --with-pkgversion='GNU MCU Eclipse ARM Embedded GCC\x2C 64-bit' --enable-languages=c,c++ --disable-mingw-wildcard --enable-plugins --enable-lto --disable-decimal-float --disable-libffi --disable-libgomp --disable-libmudflap --disable-libquadmath --disable-libssp --disable-libstdcxx-pch --disable-nls --disable-threads --disable-tls --with-gnu-as --with-gnu-ld --with-newlib --with-headers=yes --with-python-dir=share/gcc-arm-none-eabi --with-sysroot=/Host/home/ilg/Work/arm-none-eabi-gcc-8.2.1-1.7/linux-x64/install/arm-none-eabi-gcc/arm-none-eabi --with-multilib-list=rmprofile --disable-rpath --disable-build-format-warnings --with-system-zlib]
  ignore line: [Thread model: single]
  ignore line: [gcc version 8.2.1 20181213 (release) [gcc-8-branch revision 267074] (GNU MCU Eclipse ARM Embedded GCC  64-bit) ]
  ignore line: [COMPILER_PATH=/home/fx/Arduino_stm32/arm-none-eabi-gcc/download/gcc-arm-none-eabi-8.2.1-1.7/bin/../libexec/gcc/arm-none-eabi/8.2.1/:/home/fx/Arduino_stm32/arm-none-eabi-gcc/download/gcc-arm-none-eabi-8.2.1-1.7/bin/../libexec/gcc/:/home/fx/Arduino_stm32/arm-none-eabi-gcc/download/gcc-arm-none-eabi-8.2.1-1.7/bin/../lib/gcc/arm-none-eabi/8.2.1/../../../../arm-none-eabi/bin/]
  ignore line: [LIBRARY_PATH=/home/fx/Arduino_stm32/arm-none-eabi-gcc/download/gcc-arm-none-eabi-8.2.1-1.7/bin/../lib/gcc/arm-none-eabi/8.2.1/thumb/v7-m/nofp/:/home/fx/Arduino_stm32/arm-none-eabi-gcc/download/gcc-arm-none-eabi-8.2.1-1.7/bin/../lib/gcc/arm-none-eabi/8.2.1/../../../../arm-none-eabi/lib/thumb/v7-m/nofp/:/home/fx/Arduino_stm32/arm-none-eabi-gcc/download/gcc-arm-none-eabi-8.2.1-1.7/bin/../arm-none-eabi/lib/thumb/v7-m/nofp/:/home/fx/Arduino_stm32/arm-none-eabi-gcc/download/gcc-arm-none-eabi-8.2.1-1.7/bin/../lib/gcc/arm-none-eabi/8.2.1/:/home/fx/Arduino_stm32/arm-none-eabi-gcc/download/gcc-arm-none-eabi-8.2.1-1.7/bin/../lib/gcc/:/home/fx/Arduino_stm32/arm-none-eabi-gcc/download/gcc-arm-none-eabi-8.2.1-1.7/bin/../lib/gcc/arm-none-eabi/8.2.1/../../../../arm-none-eabi/lib/:/home/fx/Arduino_stm32/arm-none-eabi-gcc/download/gcc-arm-none-eabi-8.2.1-1.7/bin/../arm-none-eabi/lib/]
  ignore line: [COLLECT_GCC_OPTIONS='-g' '-Os' '-ffunction-sections' '-fdata-sections' '-nostdlib' '--param' 'max-inline-insns-single=500' '-w' '-mcpu=cortex-m3' '-mthumb' '-g' '-D' 'GENERIC_BOOTLOADER' '-D' 'F_CPU=72000000LL' '-D' 'ARDUINO_ARCH_STM32F1' '-D' 'CONFIG_MAPLE_MINI_NO_DISABLE_DEBUG' '-std=gnu11' '-specs=nano.specs' '-v' '-o' 'cmTC_1e581' '-mfloat-abi=soft' '-march=armv7-m']
  link line: [ /home/fx/Arduino_stm32/arm-none-eabi-gcc/download/gcc-arm-none-eabi-8.2.1-1.7/bin/../libexec/gcc/arm-none-eabi/8.2.1/collect2 -plugin /home/fx/Arduino_stm32/arm-none-eabi-gcc/download/gcc-arm-none-eabi-8.2.1-1.7/bin/../libexec/gcc/arm-none-eabi/8.2.1/liblto_plugin.so -plugin-opt=/home/fx/Arduino_stm32/arm-none-eabi-gcc/download/gcc-arm-none-eabi-8.2.1-1.7/bin/../libexec/gcc/arm-none-eabi/8.2.1/lto-wrapper -plugin-opt=-fresolution=/tmp/ccXU7Fk4.res --sysroot=/home/fx/Arduino_stm32/arm-none-eabi-gcc/download/gcc-arm-none-eabi-8.2.1-1.7/bin/../arm-none-eabi -X -o cmTC_1e581 -L/home/fx/Arduino_stm32/arm-none-eabi-gcc/download/gcc-arm-none-eabi-8.2.1-1.7/bin/../lib/gcc/arm-none-eabi/8.2.1/thumb/v7-m/nofp -L/home/fx/Arduino_stm32/arm-none-eabi-gcc/download/gcc-arm-none-eabi-8.2.1-1.7/bin/../lib/gcc/arm-none-eabi/8.2.1/../../../../arm-none-eabi/lib/thumb/v7-m/nofp -L/home/fx/Arduino_stm32/arm-none-eabi-gcc/download/gcc-arm-none-eabi-8.2.1-1.7/bin/../arm-none-eabi/lib/thumb/v7-m/nofp -L/home/fx/Arduino_stm32/arm-none-eabi-gcc/download/gcc-arm-none-eabi-8.2.1-1.7/bin/../lib/gcc/arm-none-eabi/8.2.1 -L/home/fx/Arduino_stm32/arm-none-eabi-gcc/download/gcc-arm-none-eabi-8.2.1-1.7/bin/../lib/gcc -L/home/fx/Arduino_stm32/arm-none-eabi-gcc/download/gcc-arm-none-eabi-8.2.1-1.7/bin/../lib/gcc/arm-none-eabi/8.2.1/../../../../arm-none-eabi/lib -L/home/fx/Arduino_stm32/arm-none-eabi-gcc/download/gcc-arm-none-eabi-8.2.1-1.7/bin/../arm-none-eabi/lib --gc-sections -lm CMakeFiles/cmTC_1e581.dir/CMakeCCompilerABI.c.obj]
    arg [/home/fx/Arduino_stm32/arm-none-eabi-gcc/download/gcc-arm-none-eabi-8.2.1-1.7/bin/../libexec/gcc/arm-none-eabi/8.2.1/collect2] ==> ignore
    arg [-plugin] ==> ignore
    arg [/home/fx/Arduino_stm32/arm-none-eabi-gcc/download/gcc-arm-none-eabi-8.2.1-1.7/bin/../libexec/gcc/arm-none-eabi/8.2.1/liblto_plugin.so] ==> ignore
    arg [-plugin-opt=/home/fx/Arduino_stm32/arm-none-eabi-gcc/download/gcc-arm-none-eabi-8.2.1-1.7/bin/../libexec/gcc/arm-none-eabi/8.2.1/lto-wrapper] ==> ignore
    arg [-plugin-opt=-fresolution=/tmp/ccXU7Fk4.res] ==> ignore
    arg [--sysroot=/home/fx/Arduino_stm32/arm-none-eabi-gcc/download/gcc-arm-none-eabi-8.2.1-1.7/bin/../arm-none-eabi] ==> ignore
    arg [-X] ==> ignore
    arg [-o] ==> ignore
    arg [cmTC_1e581] ==> ignore
    arg [-L/home/fx/Arduino_stm32/arm-none-eabi-gcc/download/gcc-arm-none-eabi-8.2.1-1.7/bin/../lib/gcc/arm-none-eabi/8.2.1/thumb/v7-m/nofp] ==> dir [/home/fx/Arduino_stm32/arm-none-eabi-gcc/download/gcc-arm-none-eabi-8.2.1-1.7/bin/../lib/gcc/arm-none-eabi/8.2.1/thumb/v7-m/nofp]
    arg [-L/home/fx/Arduino_stm32/arm-none-eabi-gcc/download/gcc-arm-none-eabi-8.2.1-1.7/bin/../lib/gcc/arm-none-eabi/8.2.1/../../../../arm-none-eabi/lib/thumb/v7-m/nofp] ==> dir [/home/fx/Arduino_stm32/arm-none-eabi-gcc/download/gcc-arm-none-eabi-8.2.1-1.7/bin/../lib/gcc/arm-none-eabi/8.2.1/../../../../arm-none-eabi/lib/thumb/v7-m/nofp]
    arg [-L/home/fx/Arduino_stm32/arm-none-eabi-gcc/download/gcc-arm-none-eabi-8.2.1-1.7/bin/../arm-none-eabi/lib/thumb/v7-m/nofp] ==> dir [/home/fx/Arduino_stm32/arm-none-eabi-gcc/download/gcc-arm-none-eabi-8.2.1-1.7/bin/../arm-none-eabi/lib/thumb/v7-m/nofp]
    arg [-L/home/fx/Arduino_stm32/arm-none-eabi-gcc/download/gcc-arm-none-eabi-8.2.1-1.7/bin/../lib/gcc/arm-none-eabi/8.2.1] ==> dir [/home/fx/Arduino_stm32/arm-none-eabi-gcc/download/gcc-arm-none-eabi-8.2.1-1.7/bin/../lib/gcc/arm-none-eabi/8.2.1]
    arg [-L/home/fx/Arduino_stm32/arm-none-eabi-gcc/download/gcc-arm-none-eabi-8.2.1-1.7/bin/../lib/gcc] ==> dir [/home/fx/Arduino_stm32/arm-none-eabi-gcc/download/gcc-arm-none-eabi-8.2.1-1.7/bin/../lib/gcc]
    arg [-L/home/fx/Arduino_stm32/arm-none-eabi-gcc/download/gcc-arm-none-eabi-8.2.1-1.7/bin/../lib/gcc/arm-none-eabi/8.2.1/../../../../arm-none-eabi/lib] ==> dir [/home/fx/Arduino_stm32/arm-none-eabi-gcc/download/gcc-arm-none-eabi-8.2.1-1.7/bin/../lib/gcc/arm-none-eabi/8.2.1/../../../../arm-none-eabi/lib]
    arg [-L/home/fx/Arduino_stm32/arm-none-eabi-gcc/download/gcc-arm-none-eabi-8.2.1-1.7/bin/../arm-none-eabi/lib] ==> dir [/home/fx/Arduino_stm32/arm-none-eabi-gcc/download/gcc-arm-none-eabi-8.2.1-1.7/bin/../arm-none-eabi/lib]
    arg [--gc-sections] ==> ignore
    arg [-lm] ==> lib [m]
    arg [CMakeFiles/cmTC_1e581.dir/CMakeCCompilerABI.c.obj] ==> ignore
  collapse library dir [/home/fx/Arduino_stm32/arm-none-eabi-gcc/download/gcc-arm-none-eabi-8.2.1-1.7/bin/../lib/gcc/arm-none-eabi/8.2.1/thumb/v7-m/nofp] ==> [/home/fx/Arduino_stm32/arm-none-eabi-gcc/download/gcc-arm-none-eabi-8.2.1-1.7/lib/gcc/arm-none-eabi/8.2.1/thumb/v7-m/nofp]
  collapse library dir [/home/fx/Arduino_stm32/arm-none-eabi-gcc/download/gcc-arm-none-eabi-8.2.1-1.7/bin/../lib/gcc/arm-none-eabi/8.2.1/../../../../arm-none-eabi/lib/thumb/v7-m/nofp] ==> [/home/fx/Arduino_stm32/arm-none-eabi-gcc/download/gcc-arm-none-eabi-8.2.1-1.7/arm-none-eabi/lib/thumb/v7-m/nofp]
  collapse library dir [/home/fx/Arduino_stm32/arm-none-eabi-gcc/download/gcc-arm-none-eabi-8.2.1-1.7/bin/../arm-none-eabi/lib/thumb/v7-m/nofp] ==> [/home/fx/Arduino_stm32/arm-none-eabi-gcc/download/gcc-arm-none-eabi-8.2.1-1.7/arm-none-eabi/lib/thumb/v7-m/nofp]
  collapse library dir [/home/fx/Arduino_stm32/arm-none-eabi-gcc/download/gcc-arm-none-eabi-8.2.1-1.7/bin/../lib/gcc/arm-none-eabi/8.2.1] ==> [/home/fx/Arduino_stm32/arm-none-eabi-gcc/download/gcc-arm-none-eabi-8.2.1-1.7/lib/gcc/arm-none-eabi/8.2.1]
  collapse library dir [/home/fx/Arduino_stm32/arm-none-eabi-gcc/download/gcc-arm-none-eabi-8.2.1-1.7/bin/../lib/gcc] ==> [/home/fx/Arduino_stm32/arm-none-eabi-gcc/download/gcc-arm-none-eabi-8.2.1-1.7/lib/gcc]
  collapse library dir [/home/fx/Arduino_stm32/arm-none-eabi-gcc/download/gcc-arm-none-eabi-8.2.1-1.7/bin/../lib/gcc/arm-none-eabi/8.2.1/../../../../arm-none-eabi/lib] ==> [/home/fx/Arduino_stm32/arm-none-eabi-gcc/download/gcc-arm-none-eabi-8.2.1-1.7/arm-none-eabi/lib]
  collapse library dir [/home/fx/Arduino_stm32/arm-none-eabi-gcc/download/gcc-arm-none-eabi-8.2.1-1.7/bin/../arm-none-eabi/lib] ==> [/home/fx/Arduino_stm32/arm-none-eabi-gcc/download/gcc-arm-none-eabi-8.2.1-1.7/arm-none-eabi/lib]
  implicit libs: [m]
  implicit dirs: [/home/fx/Arduino_stm32/arm-none-eabi-gcc/download/gcc-arm-none-eabi-8.2.1-1.7/lib/gcc/arm-none-eabi/8.2.1/thumb/v7-m/nofp;/home/fx/Arduino_stm32/arm-none-eabi-gcc/download/gcc-arm-none-eabi-8.2.1-1.7/arm-none-eabi/lib/thumb/v7-m/nofp;/home/fx/Arduino_stm32/arm-none-eabi-gcc/download/gcc-arm-none-eabi-8.2.1-1.7/lib/gcc/arm-none-eabi/8.2.1;/home/fx/Arduino_stm32/arm-none-eabi-gcc/download/gcc-arm-none-eabi-8.2.1-1.7/lib/gcc;/home/fx/Arduino_stm32/arm-none-eabi-gcc/download/gcc-arm-none-eabi-8.2.1-1.7/arm-none-eabi/lib]
  implicit fwks: []


Determining if the CXX compiler works passed with the following output:
Change Dir: /home/fx/Arduino_stm32/tmp/build/CMakeFiles/CMakeTmp

Run Build Command(s):/usr/bin/make cmTC_72ed3/fast && /usr/bin/make -f CMakeFiles/cmTC_72ed3.dir/build.make CMakeFiles/cmTC_72ed3.dir/build
make[1]: Entering directory '/home/fx/Arduino_stm32/tmp/build/CMakeFiles/CMakeTmp'
Building CXX object CMakeFiles/cmTC_72ed3.dir/testCXXCompiler.cxx.obj
/home/fx/Arduino_stm32/arm-none-eabi-gcc/download/gcc-arm-none-eabi-8.2.1-1.7/bin/arm-none-eabi-g++    -g -Os         -ffunction-sections -fdata-sections -nostdlib --param max-inline-insns-single=500  -w   -mcpu=cortex-m3  -mthumb   -g   -DGENERIC_BOOTLOADER -DF_CPU=72000000LL  -DARDUINO_ARCH_STM32F1 -DCONFIG_MAPLE_MINI_NO_DISABLE_DEBUG     -fno-rtti  -fno-exceptions -std=gnu++11   -Werror=return-type     -o CMakeFiles/cmTC_72ed3.dir/testCXXCompiler.cxx.obj -c /home/fx/Arduino_stm32/tmp/build/CMakeFiles/CMakeTmp/testCXXCompiler.cxx
Linking CXX executable cmTC_72ed3
/usr/bin/cmake -E cmake_link_script CMakeFiles/cmTC_72ed3.dir/link.txt --verbose=1
/home/fx/Arduino_stm32/arm-none-eabi-gcc/download/gcc-arm-none-eabi-8.2.1-1.7/bin/arm-none-eabi-g++  -g -Os         -ffunction-sections -fdata-sections -nostdlib --param max-inline-insns-single=500  -w   -mcpu=cortex-m3  -mthumb   -g   -DGENERIC_BOOTLOADER -DF_CPU=72000000LL  -DARDUINO_ARCH_STM32F1 -DCONFIG_MAPLE_MINI_NO_DISABLE_DEBUG     -fno-rtti  -fno-exceptions -std=gnu++11   -Werror=return-type    -Wl,--gc-sections -lm  CMakeFiles/cmTC_72ed3.dir/testCXXCompiler.cxx.obj  -o cmTC_72ed3 
/home/fx/Arduino_stm32/arm-none-eabi-gcc/download/gcc-arm-none-eabi-8.2.1-1.7/bin/../lib/gcc/arm-none-eabi/8.2.1/../../../../arm-none-eabi/bin/ld: warning: cannot find entry symbol _start; defaulting to 0000000000008000
make[1]: Leaving directory '/home/fx/Arduino_stm32/tmp/build/CMakeFiles/CMakeTmp'



Detecting CXX compiler ABI info compiled with the following output:
Change Dir: /home/fx/Arduino_stm32/tmp/build/CMakeFiles/CMakeTmp

Run Build Command(s):/usr/bin/make cmTC_6b026/fast && /usr/bin/make -f CMakeFiles/cmTC_6b026.dir/build.make CMakeFiles/cmTC_6b026.dir/build
make[1]: Entering directory '/home/fx/Arduino_stm32/tmp/build/CMakeFiles/CMakeTmp'
Building CXX object CMakeFiles/cmTC_6b026.dir/CMakeCXXCompilerABI.cpp.obj
/home/fx/Arduino_stm32/arm-none-eabi-gcc/download/gcc-arm-none-eabi-8.2.1-1.7/bin/arm-none-eabi-g++    -g -Os         -ffunction-sections -fdata-sections -nostdlib --param max-inline-insns-single=500  -w   -mcpu=cortex-m3  -mthumb   -g   -DGENERIC_BOOTLOADER -DF_CPU=72000000LL  -DARDUINO_ARCH_STM32F1 -DCONFIG_MAPLE_MINI_NO_DISABLE_DEBUG     -fno-rtti  -fno-exceptions -std=gnu++11   -Werror=return-type     -v -o CMakeFiles/cmTC_6b026.dir/CMakeCXXCompilerABI.cpp.obj -c /usr/share/cmake-3.16/Modules/CMakeCXXCompilerABI.cpp
Using built-in specs.
COLLECT_GCC=/home/fx/Arduino_stm32/arm-none-eabi-gcc/download/gcc-arm-none-eabi-8.2.1-1.7/bin/arm-none-eabi-g++
Target: arm-none-eabi
Configured with: /Host/home/ilg/Work/arm-none-eabi-gcc-8.2.1-1.7/sources/gcc/configure --prefix=/Host/home/ilg/Work/arm-none-eabi-gcc-8.2.1-1.7/linux-x64/install/arm-none-eabi-gcc --infodir=/Host/home/ilg/Work/arm-none-eabi-gcc-8.2.1-1.7/linux-x64/install/arm-none-eabi-gcc/share/doc/info --mandir=/Host/home/ilg/Work/arm-none-eabi-gcc-8.2.1-1.7/linux-x64/install/arm-none-eabi-gcc/share/doc/man --htmldir=/Host/home/ilg/Work/arm-none-eabi-gcc-8.2.1-1.7/linux-x64/install/arm-none-eabi-gcc/share/doc/html --pdfdir=/Host/home/ilg/Work/arm-none-eabi-gcc-8.2.1-1.7/linux-x64/install/arm-none-eabi-gcc/share/doc/pdf --build=x86_64-unknown-linux-gnu --host=x86_64-unknown-linux-gnu --target=arm-none-eabi --with-pkgversion='GNU MCU Eclipse ARM Embedded GCC\x2C 64-bit' --enable-languages=c,c++ --disable-mingw-wildcard --enable-plugins --enable-lto --disable-decimal-float --disable-libffi --disable-libgomp --disable-libmudflap --disable-libquadmath --disable-libssp --disable-libstdcxx-pch --disable-nls --disable-threads --disable-tls --with-gnu-as --with-gnu-ld --with-newlib --with-headers=yes --with-python-dir=share/gcc-arm-none-eabi --with-sysroot=/Host/home/ilg/Work/arm-none-eabi-gcc-8.2.1-1.7/linux-x64/install/arm-none-eabi-gcc/arm-none-eabi --with-multilib-list=rmprofile --disable-rpath --disable-build-format-warnings --with-system-zlib
Thread model: single
gcc version 8.2.1 20181213 (release) [gcc-8-branch revision 267074] (GNU MCU Eclipse ARM Embedded GCC, 64-bit) 
COLLECT_GCC_OPTIONS='-g' '-Os' '-ffunction-sections' '-fdata-sections' '-nostdlib' '--param' 'max-inline-insns-single=500' '-w' '-mcpu=cortex-m3' '-mthumb' '-g' '-D' 'GENERIC_BOOTLOADER' '-D' 'F_CPU=72000000LL' '-D' 'ARDUINO_ARCH_STM32F1' '-D' 'CONFIG_MAPLE_MINI_NO_DISABLE_DEBUG' '-fno-rtti' '-fno-exceptions' '-std=gnu++11' '-Werror=return-type' '-v' '-o' 'CMakeFiles/cmTC_6b026.dir/CMakeCXXCompilerABI.cpp.obj' '-c' '-mfloat-abi=soft' '-march=armv7-m'
 /home/fx/Arduino_stm32/arm-none-eabi-gcc/download/gcc-arm-none-eabi-8.2.1-1.7/bin/../libexec/gcc/arm-none-eabi/8.2.1/cc1plus -quiet -v -imultilib thumb/v7-m/nofp -iprefix /home/fx/Arduino_stm32/arm-none-eabi-gcc/download/gcc-arm-none-eabi-8.2.1-1.7/bin/../lib/gcc/arm-none-eabi/8.2.1/ -isysroot /home/fx/Arduino_stm32/arm-none-eabi-gcc/download/gcc-arm-none-eabi-8.2.1-1.7/bin/../arm-none-eabi -D__USES_INITFINI__ -D GENERIC_BOOTLOADER -D F_CPU=72000000LL -D ARDUINO_ARCH_STM32F1 -D CONFIG_MAPLE_MINI_NO_DISABLE_DEBUG /usr/share/cmake-3.16/Modules/CMakeCXXCompilerABI.cpp -quiet -dumpbase CMakeCXXCompilerABI.cpp -mcpu=cortex-m3 -mthumb -mfloat-abi=soft -march=armv7-m -auxbase-strip CMakeFiles/cmTC_6b026.dir/CMakeCXXCompilerABI.cpp.obj -g -g -Os -Werror=return-type -w -std=gnu++11 -version -ffunction-sections -fdata-sections -fno-rtti -fno-exceptions --param max-inline-insns-single=500 -o /tmp/ccSlPhjB.s
GNU C++11 (GNU MCU Eclipse ARM Embedded GCC, 64-bit) version 8.2.1 20181213 (release) [gcc-8-branch revision 267074] (arm-none-eabi)
	compiled by GNU C version 7.4.0, GMP version 6.1.0, MPFR version 3.1.4, MPC version 1.0.3, isl version isl-0.18-GMP

GGC heuristics: --param ggc-min-expand=100 --param ggc-min-heapsize=131072
ignoring duplicate directory "/home/fx/Arduino_stm32/arm-none-eabi-gcc/download/gcc-arm-none-eabi-8.2.1-1.7/bin/../lib/gcc/../../lib/gcc/arm-none-eabi/8.2.1/../../../../arm-none-eabi/include/c++/8.2.1"
ignoring duplicate directory "/home/fx/Arduino_stm32/arm-none-eabi-gcc/download/gcc-arm-none-eabi-8.2.1-1.7/bin/../lib/gcc/../../lib/gcc/arm-none-eabi/8.2.1/../../../../arm-none-eabi/include/c++/8.2.1/arm-none-eabi/thumb/v7-m/nofp"
ignoring duplicate directory "/home/fx/Arduino_stm32/arm-none-eabi-gcc/download/gcc-arm-none-eabi-8.2.1-1.7/bin/../lib/gcc/../../lib/gcc/arm-none-eabi/8.2.1/../../../../arm-none-eabi/include/c++/8.2.1/backward"
ignoring duplicate directory "/home/fx/Arduino_stm32/arm-none-eabi-gcc/download/gcc-arm-none-eabi-8.2.1-1.7/bin/../lib/gcc/../../lib/gcc/arm-none-eabi/8.2.1/include"
ignoring nonexistent directory "/home/fx/Arduino_stm32/arm-none-eabi-gcc/download/gcc-arm-none-eabi-8.2.1-1.7/bin/../arm-none-eabi/usr/local/include"
ignoring duplicate directory "/home/fx/Arduino_stm32/arm-none-eabi-gcc/download/gcc-arm-none-eabi-8.2.1-1.7/bin/../lib/gcc/../../lib/gcc/arm-none-eabi/8.2.1/include-fixed"
ignoring duplicate directory "/home/fx/Arduino_stm32/arm-none-eabi-gcc/download/gcc-arm-none-eabi-8.2.1-1.7/bin/../lib/gcc/../../lib/gcc/arm-none-eabi/8.2.1/../../../../arm-none-eabi/include"
ignoring nonexistent directory "/home/fx/Arduino_stm32/arm-none-eabi-gcc/download/gcc-arm-none-eabi-8.2.1-1.7/bin/../arm-none-eabi/usr/include"
#include "..." search starts here:
#include <...> search starts here:
 /home/fx/Arduino_stm32/arm-none-eabi-gcc/download/gcc-arm-none-eabi-8.2.1-1.7/bin/../lib/gcc/arm-none-eabi/8.2.1/../../../../arm-none-eabi/include/c++/8.2.1
 /home/fx/Arduino_stm32/arm-none-eabi-gcc/download/gcc-arm-none-eabi-8.2.1-1.7/bin/../lib/gcc/arm-none-eabi/8.2.1/../../../../arm-none-eabi/include/c++/8.2.1/arm-none-eabi/thumb/v7-m/nofp
 /home/fx/Arduino_stm32/arm-none-eabi-gcc/download/gcc-arm-none-eabi-8.2.1-1.7/bin/../lib/gcc/arm-none-eabi/8.2.1/../../../../arm-none-eabi/include/c++/8.2.1/backward
 /home/fx/Arduino_stm32/arm-none-eabi-gcc/download/gcc-arm-none-eabi-8.2.1-1.7/bin/../lib/gcc/arm-none-eabi/8.2.1/include
 /home/fx/Arduino_stm32/arm-none-eabi-gcc/download/gcc-arm-none-eabi-8.2.1-1.7/bin/../lib/gcc/arm-none-eabi/8.2.1/include-fixed
 /home/fx/Arduino_stm32/arm-none-eabi-gcc/download/gcc-arm-none-eabi-8.2.1-1.7/bin/../lib/gcc/arm-none-eabi/8.2.1/../../../../arm-none-eabi/include
End of search list.
GNU C++11 (GNU MCU Eclipse ARM Embedded GCC, 64-bit) version 8.2.1 20181213 (release) [gcc-8-branch revision 267074] (arm-none-eabi)
	compiled by GNU C version 7.4.0, GMP version 6.1.0, MPFR version 3.1.4, MPC version 1.0.3, isl version isl-0.18-GMP

GGC heuristics: --param ggc-min-expand=100 --param ggc-min-heapsize=131072
Compiler executable checksum: 4b484a51016be68b137548186997659b
COLLECT_GCC_OPTIONS='-g' '-Os' '-ffunction-sections' '-fdata-sections' '-nostdlib' '--param' 'max-inline-insns-single=500' '-w' '-mcpu=cortex-m3' '-mthumb' '-g' '-D' 'GENERIC_BOOTLOADER' '-D' 'F_CPU=72000000LL' '-D' 'ARDUINO_ARCH_STM32F1' '-D' 'CONFIG_MAPLE_MINI_NO_DISABLE_DEBUG' '-fno-rtti' '-fno-exceptions' '-std=gnu++11' '-Werror=return-type' '-v' '-o' 'CMakeFiles/cmTC_6b026.dir/CMakeCXXCompilerABI.cpp.obj' '-c' '-mfloat-abi=soft' '-march=armv7-m'
 /home/fx/Arduino_stm32/arm-none-eabi-gcc/download/gcc-arm-none-eabi-8.2.1-1.7/bin/../lib/gcc/arm-none-eabi/8.2.1/../../../../arm-none-eabi/bin/as -v -W -march=armv7-m -mfloat-abi=soft -meabi=5 -o CMakeFiles/cmTC_6b026.dir/CMakeCXXCompilerABI.cpp.obj /tmp/ccSlPhjB.s
GNU assembler version 2.31.51 (arm-none-eabi) using BFD version (GNU MCU Eclipse ARM Embedded GCC, 64-bit) 2.31.51.20181213
COMPILER_PATH=/home/fx/Arduino_stm32/arm-none-eabi-gcc/download/gcc-arm-none-eabi-8.2.1-1.7/bin/../libexec/gcc/arm-none-eabi/8.2.1/:/home/fx/Arduino_stm32/arm-none-eabi-gcc/download/gcc-arm-none-eabi-8.2.1-1.7/bin/../libexec/gcc/:/home/fx/Arduino_stm32/arm-none-eabi-gcc/download/gcc-arm-none-eabi-8.2.1-1.7/bin/../lib/gcc/arm-none-eabi/8.2.1/../../../../arm-none-eabi/bin/
LIBRARY_PATH=/home/fx/Arduino_stm32/arm-none-eabi-gcc/download/gcc-arm-none-eabi-8.2.1-1.7/bin/../lib/gcc/arm-none-eabi/8.2.1/thumb/v7-m/nofp/:/home/fx/Arduino_stm32/arm-none-eabi-gcc/download/gcc-arm-none-eabi-8.2.1-1.7/bin/../lib/gcc/arm-none-eabi/8.2.1/../../../../arm-none-eabi/lib/thumb/v7-m/nofp/:/home/fx/Arduino_stm32/arm-none-eabi-gcc/download/gcc-arm-none-eabi-8.2.1-1.7/bin/../arm-none-eabi/lib/thumb/v7-m/nofp/:/home/fx/Arduino_stm32/arm-none-eabi-gcc/download/gcc-arm-none-eabi-8.2.1-1.7/bin/../lib/gcc/arm-none-eabi/8.2.1/:/home/fx/Arduino_stm32/arm-none-eabi-gcc/download/gcc-arm-none-eabi-8.2.1-1.7/bin/../lib/gcc/:/home/fx/Arduino_stm32/arm-none-eabi-gcc/download/gcc-arm-none-eabi-8.2.1-1.7/bin/../lib/gcc/arm-none-eabi/8.2.1/../../../../arm-none-eabi/lib/:/home/fx/Arduino_stm32/arm-none-eabi-gcc/download/gcc-arm-none-eabi-8.2.1-1.7/bin/../arm-none-eabi/lib/
COLLECT_GCC_OPTIONS='-g' '-Os' '-ffunction-sections' '-fdata-sections' '-nostdlib' '--param' 'max-inline-insns-single=500' '-w' '-mcpu=cortex-m3' '-mthumb' '-g' '-D' 'GENERIC_BOOTLOADER' '-D' 'F_CPU=72000000LL' '-D' 'ARDUINO_ARCH_STM32F1' '-D' 'CONFIG_MAPLE_MINI_NO_DISABLE_DEBUG' '-fno-rtti' '-fno-exceptions' '-std=gnu++11' '-Werror=return-type' '-v' '-o' 'CMakeFiles/cmTC_6b026.dir/CMakeCXXCompilerABI.cpp.obj' '-c' '-mfloat-abi=soft' '-march=armv7-m'
Linking CXX executable cmTC_6b026
/usr/bin/cmake -E cmake_link_script CMakeFiles/cmTC_6b026.dir/link.txt --verbose=1
/home/fx/Arduino_stm32/arm-none-eabi-gcc/download/gcc-arm-none-eabi-8.2.1-1.7/bin/arm-none-eabi-g++  -g -Os         -ffunction-sections -fdata-sections -nostdlib --param max-inline-insns-single=500  -w   -mcpu=cortex-m3  -mthumb   -g   -DGENERIC_BOOTLOADER -DF_CPU=72000000LL  -DARDUINO_ARCH_STM32F1 -DCONFIG_MAPLE_MINI_NO_DISABLE_DEBUG     -fno-rtti  -fno-exceptions -std=gnu++11   -Werror=return-type    -Wl,--gc-sections -lm -v CMakeFiles/cmTC_6b026.dir/CMakeCXXCompilerABI.cpp.obj  -o cmTC_6b026 
Using built-in specs.
COLLECT_GCC=/home/fx/Arduino_stm32/arm-none-eabi-gcc/download/gcc-arm-none-eabi-8.2.1-1.7/bin/arm-none-eabi-g++
COLLECT_LTO_WRAPPER=/home/fx/Arduino_stm32/arm-none-eabi-gcc/download/gcc-arm-none-eabi-8.2.1-1.7/bin/../libexec/gcc/arm-none-eabi/8.2.1/lto-wrapper
Target: arm-none-eabi
Configured with: /Host/home/ilg/Work/arm-none-eabi-gcc-8.2.1-1.7/sources/gcc/configure --prefix=/Host/home/ilg/Work/arm-none-eabi-gcc-8.2.1-1.7/linux-x64/install/arm-none-eabi-gcc --infodir=/Host/home/ilg/Work/arm-none-eabi-gcc-8.2.1-1.7/linux-x64/install/arm-none-eabi-gcc/share/doc/info --mandir=/Host/home/ilg/Work/arm-none-eabi-gcc-8.2.1-1.7/linux-x64/install/arm-none-eabi-gcc/share/doc/man --htmldir=/Host/home/ilg/Work/arm-none-eabi-gcc-8.2.1-1.7/linux-x64/install/arm-none-eabi-gcc/share/doc/html --pdfdir=/Host/home/ilg/Work/arm-none-eabi-gcc-8.2.1-1.7/linux-x64/install/arm-none-eabi-gcc/share/doc/pdf --build=x86_64-unknown-linux-gnu --host=x86_64-unknown-linux-gnu --target=arm-none-eabi --with-pkgversion='GNU MCU Eclipse ARM Embedded GCC\x2C 64-bit' --enable-languages=c,c++ --disable-mingw-wildcard --enable-plugins --enable-lto --disable-decimal-float --disable-libffi --disable-libgomp --disable-libmudflap --disable-libquadmath --disable-libssp --disable-libstdcxx-pch --disable-nls --disable-threads --disable-tls --with-gnu-as --with-gnu-ld --with-newlib --with-headers=yes --with-python-dir=share/gcc-arm-none-eabi --with-sysroot=/Host/home/ilg/Work/arm-none-eabi-gcc-8.2.1-1.7/linux-x64/install/arm-none-eabi-gcc/arm-none-eabi --with-multilib-list=rmprofile --disable-rpath --disable-build-format-warnings --with-system-zlib
Thread model: single
gcc version 8.2.1 20181213 (release) [gcc-8-branch revision 267074] (GNU MCU Eclipse ARM Embedded GCC, 64-bit) 
COMPILER_PATH=/home/fx/Arduino_stm32/arm-none-eabi-gcc/download/gcc-arm-none-eabi-8.2.1-1.7/bin/../libexec/gcc/arm-none-eabi/8.2.1/:/home/fx/Arduino_stm32/arm-none-eabi-gcc/download/gcc-arm-none-eabi-8.2.1-1.7/bin/../libexec/gcc/:/home/fx/Arduino_stm32/arm-none-eabi-gcc/download/gcc-arm-none-eabi-8.2.1-1.7/bin/../lib/gcc/arm-none-eabi/8.2.1/../../../../arm-none-eabi/bin/
LIBRARY_PATH=/home/fx/Arduino_stm32/arm-none-eabi-gcc/download/gcc-arm-none-eabi-8.2.1-1.7/bin/../lib/gcc/arm-none-eabi/8.2.1/thumb/v7-m/nofp/:/home/fx/Arduino_stm32/arm-none-eabi-gcc/download/gcc-arm-none-eabi-8.2.1-1.7/bin/../lib/gcc/arm-none-eabi/8.2.1/../../../../arm-none-eabi/lib/thumb/v7-m/nofp/:/home/fx/Arduino_stm32/arm-none-eabi-gcc/download/gcc-arm-none-eabi-8.2.1-1.7/bin/../arm-none-eabi/lib/thumb/v7-m/nofp/:/home/fx/Arduino_stm32/arm-none-eabi-gcc/download/gcc-arm-none-eabi-8.2.1-1.7/bin/../lib/gcc/arm-none-eabi/8.2.1/:/home/fx/Arduino_stm32/arm-none-eabi-gcc/download/gcc-arm-none-eabi-8.2.1-1.7/bin/../lib/gcc/:/home/fx/Arduino_stm32/arm-none-eabi-gcc/download/gcc-arm-none-eabi-8.2.1-1.7/bin/../lib/gcc/arm-none-eabi/8.2.1/../../../../arm-none-eabi/lib/:/home/fx/Arduino_stm32/arm-none-eabi-gcc/download/gcc-arm-none-eabi-8.2.1-1.7/bin/../arm-none-eabi/lib/
COLLECT_GCC_OPTIONS='-g' '-Os' '-ffunction-sections' '-fdata-sections' '-nostdlib' '--param' 'max-inline-insns-single=500' '-w' '-mcpu=cortex-m3' '-mthumb' '-g' '-D' 'GENERIC_BOOTLOADER' '-D' 'F_CPU=72000000LL' '-D' 'ARDUINO_ARCH_STM32F1' '-D' 'CONFIG_MAPLE_MINI_NO_DISABLE_DEBUG' '-fno-rtti' '-fno-exceptions' '-std=gnu++11' '-Werror=return-type' '-v' '-o' 'cmTC_6b026' '-mfloat-abi=soft' '-march=armv7-m'
 /home/fx/Arduino_stm32/arm-none-eabi-gcc/download/gcc-arm-none-eabi-8.2.1-1.7/bin/../libexec/gcc/arm-none-eabi/8.2.1/collect2 -plugin /home/fx/Arduino_stm32/arm-none-eabi-gcc/download/gcc-arm-none-eabi-8.2.1-1.7/bin/../libexec/gcc/arm-none-eabi/8.2.1/liblto_plugin.so -plugin-opt=/home/fx/Arduino_stm32/arm-none-eabi-gcc/download/gcc-arm-none-eabi-8.2.1-1.7/bin/../libexec/gcc/arm-none-eabi/8.2.1/lto-wrapper -plugin-opt=-fresolution=/tmp/ccMbFsp3.res --sysroot=/home/fx/Arduino_stm32/arm-none-eabi-gcc/download/gcc-arm-none-eabi-8.2.1-1.7/bin/../arm-none-eabi -X -o cmTC_6b026 -L/home/fx/Arduino_stm32/arm-none-eabi-gcc/download/gcc-arm-none-eabi-8.2.1-1.7/bin/../lib/gcc/arm-none-eabi/8.2.1/thumb/v7-m/nofp -L/home/fx/Arduino_stm32/arm-none-eabi-gcc/download/gcc-arm-none-eabi-8.2.1-1.7/bin/../lib/gcc/arm-none-eabi/8.2.1/../../../../arm-none-eabi/lib/thumb/v7-m/nofp -L/home/fx/Arduino_stm32/arm-none-eabi-gcc/download/gcc-arm-none-eabi-8.2.1-1.7/bin/../arm-none-eabi/lib/thumb/v7-m/nofp -L/home/fx/Arduino_stm32/arm-none-eabi-gcc/download/gcc-arm-none-eabi-8.2.1-1.7/bin/../lib/gcc/arm-none-eabi/8.2.1 -L/home/fx/Arduino_stm32/arm-none-eabi-gcc/download/gcc-arm-none-eabi-8.2.1-1.7/bin/../lib/gcc -L/home/fx/Arduino_stm32/arm-none-eabi-gcc/download/gcc-arm-none-eabi-8.2.1-1.7/bin/../lib/gcc/arm-none-eabi/8.2.1/../../../../arm-none-eabi/lib -L/home/fx/Arduino_stm32/arm-none-eabi-gcc/download/gcc-arm-none-eabi-8.2.1-1.7/bin/../arm-none-eabi/lib --gc-sections -lm CMakeFiles/cmTC_6b026.dir/CMakeCXXCompilerABI.cpp.obj
/home/fx/Arduino_stm32/arm-none-eabi-gcc/download/gcc-arm-none-eabi-8.2.1-1.7/bin/../lib/gcc/arm-none-eabi/8.2.1/../../../../arm-none-eabi/bin/ld: warning: cannot find entry symbol _start; defaulting to 0000000000008000
COLLECT_GCC_OPTIONS='-g' '-Os' '-ffunction-sections' '-fdata-sections' '-nostdlib' '--param' 'max-inline-insns-single=500' '-w' '-mcpu=cortex-m3' '-mthumb' '-g' '-D' 'GENERIC_BOOTLOADER' '-D' 'F_CPU=72000000LL' '-D' 'ARDUINO_ARCH_STM32F1' '-D' 'CONFIG_MAPLE_MINI_NO_DISABLE_DEBUG' '-fno-rtti' '-fno-exceptions' '-std=gnu++11' '-Werror=return-type' '-v' '-o' 'cmTC_6b026' '-mfloat-abi=soft' '-march=armv7-m'
make[1]: Leaving directory '/home/fx/Arduino_stm32/tmp/build/CMakeFiles/CMakeTmp'



Parsed CXX implicit include dir info from above output: rv=done
  found start of include info
  found start of implicit include info
    add: [/home/fx/Arduino_stm32/arm-none-eabi-gcc/download/gcc-arm-none-eabi-8.2.1-1.7/bin/../lib/gcc/arm-none-eabi/8.2.1/../../../../arm-none-eabi/include/c++/8.2.1]
    add: [/home/fx/Arduino_stm32/arm-none-eabi-gcc/download/gcc-arm-none-eabi-8.2.1-1.7/bin/../lib/gcc/arm-none-eabi/8.2.1/../../../../arm-none-eabi/include/c++/8.2.1/arm-none-eabi/thumb/v7-m/nofp]
    add: [/home/fx/Arduino_stm32/arm-none-eabi-gcc/download/gcc-arm-none-eabi-8.2.1-1.7/bin/../lib/gcc/arm-none-eabi/8.2.1/../../../../arm-none-eabi/include/c++/8.2.1/backward]
    add: [/home/fx/Arduino_stm32/arm-none-eabi-gcc/download/gcc-arm-none-eabi-8.2.1-1.7/bin/../lib/gcc/arm-none-eabi/8.2.1/include]
    add: [/home/fx/Arduino_stm32/arm-none-eabi-gcc/download/gcc-arm-none-eabi-8.2.1-1.7/bin/../lib/gcc/arm-none-eabi/8.2.1/include-fixed]
    add: [/home/fx/Arduino_stm32/arm-none-eabi-gcc/download/gcc-arm-none-eabi-8.2.1-1.7/bin/../lib/gcc/arm-none-eabi/8.2.1/../../../../arm-none-eabi/include]
  end of search list found
  collapse include dir [/home/fx/Arduino_stm32/arm-none-eabi-gcc/download/gcc-arm-none-eabi-8.2.1-1.7/bin/../lib/gcc/arm-none-eabi/8.2.1/../../../../arm-none-eabi/include/c++/8.2.1] ==> [/home/fx/Arduino_stm32/arm-none-eabi-gcc/download/gcc-arm-none-eabi-8.2.1-1.7/arm-none-eabi/include/c++/8.2.1]
  collapse include dir [/home/fx/Arduino_stm32/arm-none-eabi-gcc/download/gcc-arm-none-eabi-8.2.1-1.7/bin/../lib/gcc/arm-none-eabi/8.2.1/../../../../arm-none-eabi/include/c++/8.2.1/arm-none-eabi/thumb/v7-m/nofp] ==> [/home/fx/Arduino_stm32/arm-none-eabi-gcc/download/gcc-arm-none-eabi-8.2.1-1.7/arm-none-eabi/include/c++/8.2.1/arm-none-eabi/thumb/v7-m/nofp]
  collapse include dir [/home/fx/Arduino_stm32/arm-none-eabi-gcc/download/gcc-arm-none-eabi-8.2.1-1.7/bin/../lib/gcc/arm-none-eabi/8.2.1/../../../../arm-none-eabi/include/c++/8.2.1/backward] ==> [/home/fx/Arduino_stm32/arm-none-eabi-gcc/download/gcc-arm-none-eabi-8.2.1-1.7/arm-none-eabi/include/c++/8.2.1/backward]
  collapse include dir [/home/fx/Arduino_stm32/arm-none-eabi-gcc/download/gcc-arm-none-eabi-8.2.1-1.7/bin/../lib/gcc/arm-none-eabi/8.2.1/include] ==> [/home/fx/Arduino_stm32/arm-none-eabi-gcc/download/gcc-arm-none-eabi-8.2.1-1.7/lib/gcc/arm-none-eabi/8.2.1/include]
  collapse include dir [/home/fx/Arduino_stm32/arm-none-eabi-gcc/download/gcc-arm-none-eabi-8.2.1-1.7/bin/../lib/gcc/arm-none-eabi/8.2.1/include-fixed] ==> [/home/fx/Arduino_stm32/arm-none-eabi-gcc/download/gcc-arm-none-eabi-8.2.1-1.7/lib/gcc/arm-none-eabi/8.2.1/include-fixed]
  collapse include dir [/home/fx/Arduino_stm32/arm-none-eabi-gcc/download/gcc-arm-none-eabi-8.2.1-1.7/bin/../lib/gcc/arm-none-eabi/8.2.1/../../../../arm-none-eabi/include] ==> [/home/fx/Arduino_stm32/arm-none-eabi-gcc/download/gcc-arm-none-eabi-8.2.1-1.7/arm-none-eabi/include]
  implicit include dirs: [/home/fx/Arduino_stm32/arm-none-eabi-gcc/download/gcc-arm-none-eabi-8.2.1-1.7/arm-none-eabi/include/c++/8.2.1;/home/fx/Arduino_stm32/arm-none-eabi-gcc/download/gcc-arm-none-eabi-8.2.1-1.7/arm-none-eabi/include/c++/8.2.1/arm-none-eabi/thumb/v7-m/nofp;/home/fx/Arduino_stm32/arm-none-eabi-gcc/download/gcc-arm-none-eabi-8.2.1-1.7/arm-none-eabi/include/c++/8.2.1/backward;/home/fx/Arduino_stm32/arm-none-eabi-gcc/download/gcc-arm-none-eabi-8.2.1-1.7/lib/gcc/arm-none-eabi/8.2.1/include;/home/fx/Arduino_stm32/arm-none-eabi-gcc/download/gcc-arm-none-eabi-8.2.1-1.7/lib/gcc/arm-none-eabi/8.2.1/include-fixed;/home/fx/Arduino_stm32/arm-none-eabi-gcc/download/gcc-arm-none-eabi-8.2.1-1.7/arm-none-eabi/include]


Parsed CXX implicit link information from above output:
  link line regex: [^( *|.*[/\])(arm-none-eabi-ld|CMAKE_LINK_STARTFILE-NOTFOUND|([^/\]+-)?ld|collect2)[^/\]*( |$)]
  ignore line: [Change Dir: /home/fx/Arduino_stm32/tmp/build/CMakeFiles/CMakeTmp]
  ignore line: []
  ignore line: [Run Build Command(s):/usr/bin/make cmTC_6b026/fast && /usr/bin/make -f CMakeFiles/cmTC_6b026.dir/build.make CMakeFiles/cmTC_6b026.dir/build]
  ignore line: [make[1]: Entering directory '/home/fx/Arduino_stm32/tmp/build/CMakeFiles/CMakeTmp']
  ignore line: [Building CXX object CMakeFiles/cmTC_6b026.dir/CMakeCXXCompilerABI.cpp.obj]
  ignore line: [/home/fx/Arduino_stm32/arm-none-eabi-gcc/download/gcc-arm-none-eabi-8.2.1-1.7/bin/arm-none-eabi-g++    -g -Os         -ffunction-sections -fdata-sections -nostdlib --param max-inline-insns-single=500  -w   -mcpu=cortex-m3  -mthumb   -g   -DGENERIC_BOOTLOADER -DF_CPU=72000000LL  -DARDUINO_ARCH_STM32F1 -DCONFIG_MAPLE_MINI_NO_DISABLE_DEBUG     -fno-rtti  -fno-exceptions -std=gnu++11   -Werror=return-type     -v -o CMakeFiles/cmTC_6b026.dir/CMakeCXXCompilerABI.cpp.obj -c /usr/share/cmake-3.16/Modules/CMakeCXXCompilerABI.cpp]
  ignore line: [Using built-in specs.]
  ignore line: [COLLECT_GCC=/home/fx/Arduino_stm32/arm-none-eabi-gcc/download/gcc-arm-none-eabi-8.2.1-1.7/bin/arm-none-eabi-g++]
  ignore line: [Target: arm-none-eabi]
  ignore line: [Configured with: /Host/home/ilg/Work/arm-none-eabi-gcc-8.2.1-1.7/sources/gcc/configure --prefix=/Host/home/ilg/Work/arm-none-eabi-gcc-8.2.1-1.7/linux-x64/install/arm-none-eabi-gcc --infodir=/Host/home/ilg/Work/arm-none-eabi-gcc-8.2.1-1.7/linux-x64/install/arm-none-eabi-gcc/share/doc/info --mandir=/Host/home/ilg/Work/arm-none-eabi-gcc-8.2.1-1.7/linux-x64/install/arm-none-eabi-gcc/share/doc/man --htmldir=/Host/home/ilg/Work/arm-none-eabi-gcc-8.2.1-1.7/linux-x64/install/arm-none-eabi-gcc/share/doc/html --pdfdir=/Host/home/ilg/Work/arm-none-eabi-gcc-8.2.1-1.7/linux-x64/install/arm-none-eabi-gcc/share/doc/pdf --build=x86_64-unknown-linux-gnu --host=x86_64-unknown-linux-gnu --target=arm-none-eabi --with-pkgversion='GNU MCU Eclipse ARM Embedded GCC\x2C 64-bit' --enable-languages=c,c++ --disable-mingw-wildcard --enable-plugins --enable-lto --disable-decimal-float --disable-libffi --disable-libgomp --disable-libmudflap --disable-libquadmath --disable-libssp --disable-libstdcxx-pch --disable-nls --disable-threads --disable-tls --with-gnu-as --with-gnu-ld --with-newlib --with-headers=yes --with-python-dir=share/gcc-arm-none-eabi --with-sysroot=/Host/home/ilg/Work/arm-none-eabi-gcc-8.2.1-1.7/linux-x64/install/arm-none-eabi-gcc/arm-none-eabi --with-multilib-list=rmprofile --disable-rpath --disable-build-format-warnings --with-system-zlib]
  ignore line: [Thread model: single]
  ignore line: [gcc version 8.2.1 20181213 (release) [gcc-8-branch revision 267074] (GNU MCU Eclipse ARM Embedded GCC  64-bit) ]
  ignore line: [COLLECT_GCC_OPTIONS='-g' '-Os' '-ffunction-sections' '-fdata-sections' '-nostdlib' '--param' 'max-inline-insns-single=500' '-w' '-mcpu=cortex-m3' '-mthumb' '-g' '-D' 'GENERIC_BOOTLOADER' '-D' 'F_CPU=72000000LL' '-D' 'ARDUINO_ARCH_STM32F1' '-D' 'CONFIG_MAPLE_MINI_NO_DISABLE_DEBUG' '-fno-rtti' '-fno-exceptions' '-std=gnu++11' '-Werror=return-type' '-v' '-o' 'CMakeFiles/cmTC_6b026.dir/CMakeCXXCompilerABI.cpp.obj' '-c' '-mfloat-abi=soft' '-march=armv7-m']
  ignore line: [ /home/fx/Arduino_stm32/arm-none-eabi-gcc/download/gcc-arm-none-eabi-8.2.1-1.7/bin/../libexec/gcc/arm-none-eabi/8.2.1/cc1plus -quiet -v -imultilib thumb/v7-m/nofp -iprefix /home/fx/Arduino_stm32/arm-none-eabi-gcc/download/gcc-arm-none-eabi-8.2.1-1.7/bin/../lib/gcc/arm-none-eabi/8.2.1/ -isysroot /home/fx/Arduino_stm32/arm-none-eabi-gcc/download/gcc-arm-none-eabi-8.2.1-1.7/bin/../arm-none-eabi -D__USES_INITFINI__ -D GENERIC_BOOTLOADER -D F_CPU=72000000LL -D ARDUINO_ARCH_STM32F1 -D CONFIG_MAPLE_MINI_NO_DISABLE_DEBUG /usr/share/cmake-3.16/Modules/CMakeCXXCompilerABI.cpp -quiet -dumpbase CMakeCXXCompilerABI.cpp -mcpu=cortex-m3 -mthumb -mfloat-abi=soft -march=armv7-m -auxbase-strip CMakeFiles/cmTC_6b026.dir/CMakeCXXCompilerABI.cpp.obj -g -g -Os -Werror=return-type -w -std=gnu++11 -version -ffunction-sections -fdata-sections -fno-rtti -fno-exceptions --param max-inline-insns-single=500 -o /tmp/ccSlPhjB.s]
  ignore line: [GNU C++11 (GNU MCU Eclipse ARM Embedded GCC  64-bit) version 8.2.1 20181213 (release) [gcc-8-branch revision 267074] (arm-none-eabi)]
  ignore line: [	compiled by GNU C version 7.4.0  GMP version 6.1.0  MPFR version 3.1.4  MPC version 1.0.3  isl version isl-0.18-GMP]
  ignore line: []
  ignore line: [GGC heuristics: --param ggc-min-expand=100 --param ggc-min-heapsize=131072]
  ignore line: [ignoring duplicate directory "/home/fx/Arduino_stm32/arm-none-eabi-gcc/download/gcc-arm-none-eabi-8.2.1-1.7/bin/../lib/gcc/../../lib/gcc/arm-none-eabi/8.2.1/../../../../arm-none-eabi/include/c++/8.2.1"]
  ignore line: [ignoring duplicate directory "/home/fx/Arduino_stm32/arm-none-eabi-gcc/download/gcc-arm-none-eabi-8.2.1-1.7/bin/../lib/gcc/../../lib/gcc/arm-none-eabi/8.2.1/../../../../arm-none-eabi/include/c++/8.2.1/arm-none-eabi/thumb/v7-m/nofp"]
  ignore line: [ignoring duplicate directory "/home/fx/Arduino_stm32/arm-none-eabi-gcc/download/gcc-arm-none-eabi-8.2.1-1.7/bin/../lib/gcc/../../lib/gcc/arm-none-eabi/8.2.1/../../../../arm-none-eabi/include/c++/8.2.1/backward"]
  ignore line: [ignoring duplicate directory "/home/fx/Arduino_stm32/arm-none-eabi-gcc/download/gcc-arm-none-eabi-8.2.1-1.7/bin/../lib/gcc/../../lib/gcc/arm-none-eabi/8.2.1/include"]
  ignore line: [ignoring nonexistent directory "/home/fx/Arduino_stm32/arm-none-eabi-gcc/download/gcc-arm-none-eabi-8.2.1-1.7/bin/../arm-none-eabi/usr/local/include"]
  ignore line: [ignoring duplicate directory "/home/fx/Arduino_stm32/arm-none-eabi-gcc/download/gcc-arm-none-eabi-8.2.1-1.7/bin/../lib/gcc/../../lib/gcc/arm-none-eabi/8.2.1/include-fixed"]
  ignore line: [ignoring duplicate directory "/home/fx/Arduino_stm32/arm-none-eabi-gcc/download/gcc-arm-none-eabi-8.2.1-1.7/bin/../lib/gcc/../../lib/gcc/arm-none-eabi/8.2.1/../../../../arm-none-eabi/include"]
  ignore line: [ignoring nonexistent directory "/home/fx/Arduino_stm32/arm-none-eabi-gcc/download/gcc-arm-none-eabi-8.2.1-1.7/bin/../arm-none-eabi/usr/include"]
  ignore line: [#include "..." search starts here:]
  ignore line: [#include <...> search starts here:]
  ignore line: [ /home/fx/Arduino_stm32/arm-none-eabi-gcc/download/gcc-arm-none-eabi-8.2.1-1.7/bin/../lib/gcc/arm-none-eabi/8.2.1/../../../../arm-none-eabi/include/c++/8.2.1]
  ignore line: [ /home/fx/Arduino_stm32/arm-none-eabi-gcc/download/gcc-arm-none-eabi-8.2.1-1.7/bin/../lib/gcc/arm-none-eabi/8.2.1/../../../../arm-none-eabi/include/c++/8.2.1/arm-none-eabi/thumb/v7-m/nofp]
  ignore line: [ /home/fx/Arduino_stm32/arm-none-eabi-gcc/download/gcc-arm-none-eabi-8.2.1-1.7/bin/../lib/gcc/arm-none-eabi/8.2.1/../../../../arm-none-eabi/include/c++/8.2.1/backward]
  ignore line: [ /home/fx/Arduino_stm32/arm-none-eabi-gcc/download/gcc-arm-none-eabi-8.2.1-1.7/bin/../lib/gcc/arm-none-eabi/8.2.1/include]
  ignore line: [ /home/fx/Arduino_stm32/arm-none-eabi-gcc/download/gcc-arm-none-eabi-8.2.1-1.7/bin/../lib/gcc/arm-none-eabi/8.2.1/include-fixed]
  ignore line: [ /home/fx/Arduino_stm32/arm-none-eabi-gcc/download/gcc-arm-none-eabi-8.2.1-1.7/bin/../lib/gcc/arm-none-eabi/8.2.1/../../../../arm-none-eabi/include]
  ignore line: [End of search list.]
  ignore line: [GNU C++11 (GNU MCU Eclipse ARM Embedded GCC  64-bit) version 8.2.1 20181213 (release) [gcc-8-branch revision 267074] (arm-none-eabi)]
  ignore line: [	compiled by GNU C version 7.4.0  GMP version 6.1.0  MPFR version 3.1.4  MPC version 1.0.3  isl version isl-0.18-GMP]
  ignore line: []
  ignore line: [GGC heuristics: --param ggc-min-expand=100 --param ggc-min-heapsize=131072]
  ignore line: [Compiler executable checksum: 4b484a51016be68b137548186997659b]
  ignore line: [COLLECT_GCC_OPTIONS='-g' '-Os' '-ffunction-sections' '-fdata-sections' '-nostdlib' '--param' 'max-inline-insns-single=500' '-w' '-mcpu=cortex-m3' '-mthumb' '-g' '-D' 'GENERIC_BOOTLOADER' '-D' 'F_CPU=72000000LL' '-D' 'ARDUINO_ARCH_STM32F1' '-D' 'CONFIG_MAPLE_MINI_NO_DISABLE_DEBUG' '-fno-rtti' '-fno-exceptions' '-std=gnu++11' '-Werror=return-type' '-v' '-o' 'CMakeFiles/cmTC_6b026.dir/CMakeCXXCompilerABI.cpp.obj' '-c' '-mfloat-abi=soft' '-march=armv7-m']
  ignore line: [ /home/fx/Arduino_stm32/arm-none-eabi-gcc/download/gcc-arm-none-eabi-8.2.1-1.7/bin/../lib/gcc/arm-none-eabi/8.2.1/../../../../arm-none-eabi/bin/as -v -W -march=armv7-m -mfloat-abi=soft -meabi=5 -o CMakeFiles/cmTC_6b026.dir/CMakeCXXCompilerABI.cpp.obj /tmp/ccSlPhjB.s]
  ignore line: [GNU assembler version 2.31.51 (arm-none-eabi) using BFD version (GNU MCU Eclipse ARM Embedded GCC  64-bit) 2.31.51.20181213]
  ignore line: [COMPILER_PATH=/home/fx/Arduino_stm32/arm-none-eabi-gcc/download/gcc-arm-none-eabi-8.2.1-1.7/bin/../libexec/gcc/arm-none-eabi/8.2.1/:/home/fx/Arduino_stm32/arm-none-eabi-gcc/download/gcc-arm-none-eabi-8.2.1-1.7/bin/../libexec/gcc/:/home/fx/Arduino_stm32/arm-none-eabi-gcc/download/gcc-arm-none-eabi-8.2.1-1.7/bin/../lib/gcc/arm-none-eabi/8.2.1/../../../../arm-none-eabi/bin/]
  ignore line: [LIBRARY_PATH=/home/fx/Arduino_stm32/arm-none-eabi-gcc/download/gcc-arm-none-eabi-8.2.1-1.7/bin/../lib/gcc/arm-none-eabi/8.2.1/thumb/v7-m/nofp/:/home/fx/Arduino_stm32/arm-none-eabi-gcc/download/gcc-arm-none-eabi-8.2.1-1.7/bin/../lib/gcc/arm-none-eabi/8.2.1/../../../../arm-none-eabi/lib/thumb/v7-m/nofp/:/home/fx/Arduino_stm32/arm-none-eabi-gcc/download/gcc-arm-none-eabi-8.2.1-1.7/bin/../arm-none-eabi/lib/thumb/v7-m/nofp/:/home/fx/Arduino_stm32/arm-none-eabi-gcc/download/gcc-arm-none-eabi-8.2.1-1.7/bin/../lib/gcc/arm-none-eabi/8.2.1/:/home/fx/Arduino_stm32/arm-none-eabi-gcc/download/gcc-arm-none-eabi-8.2.1-1.7/bin/../lib/gcc/:/home/fx/Arduino_stm32/arm-none-eabi-gcc/download/gcc-arm-none-eabi-8.2.1-1.7/bin/../lib/gcc/arm-none-eabi/8.2.1/../../../../arm-none-eabi/lib/:/home/fx/Arduino_stm32/arm-none-eabi-gcc/download/gcc-arm-none-eabi-8.2.1-1.7/bin/../arm-none-eabi/lib/]
  ignore line: [COLLECT_GCC_OPTIONS='-g' '-Os' '-ffunction-sections' '-fdata-sections' '-nostdlib' '--param' 'max-inline-insns-single=500' '-w' '-mcpu=cortex-m3' '-mthumb' '-g' '-D' 'GENERIC_BOOTLOADER' '-D' 'F_CPU=72000000LL' '-D' 'ARDUINO_ARCH_STM32F1' '-D' 'CONFIG_MAPLE_MINI_NO_DISABLE_DEBUG' '-fno-rtti' '-fno-exceptions' '-std=gnu++11' '-Werror=return-type' '-v' '-o' 'CMakeFiles/cmTC_6b026.dir/CMakeCXXCompilerABI.cpp.obj' '-c' '-mfloat-abi=soft' '-march=armv7-m']
  ignore line: [Linking CXX executable cmTC_6b026]
  ignore line: [/usr/bin/cmake -E cmake_link_script CMakeFiles/cmTC_6b026.dir/link.txt --verbose=1]
  ignore line: [/home/fx/Arduino_stm32/arm-none-eabi-gcc/download/gcc-arm-none-eabi-8.2.1-1.7/bin/arm-none-eabi-g++  -g -Os         -ffunction-sections -fdata-sections -nostdlib --param max-inline-insns-single=500  -w   -mcpu=cortex-m3  -mthumb   -g   -DGENERIC_BOOTLOADER -DF_CPU=72000000LL  -DARDUINO_ARCH_STM32F1 -DCONFIG_MAPLE_MINI_NO_DISABLE_DEBUG     -fno-rtti  -fno-exceptions -std=gnu++11   -Werror=return-type    -Wl --gc-sections -lm -v CMakeFiles/cmTC_6b026.dir/CMakeCXXCompilerABI.cpp.obj  -o cmTC_6b026 ]
  ignore line: [Using built-in specs.]
  ignore line: [COLLECT_GCC=/home/fx/Arduino_stm32/arm-none-eabi-gcc/download/gcc-arm-none-eabi-8.2.1-1.7/bin/arm-none-eabi-g++]
  ignore line: [COLLECT_LTO_WRAPPER=/home/fx/Arduino_stm32/arm-none-eabi-gcc/download/gcc-arm-none-eabi-8.2.1-1.7/bin/../libexec/gcc/arm-none-eabi/8.2.1/lto-wrapper]
  ignore line: [Target: arm-none-eabi]
  ignore line: [Configured with: /Host/home/ilg/Work/arm-none-eabi-gcc-8.2.1-1.7/sources/gcc/configure --prefix=/Host/home/ilg/Work/arm-none-eabi-gcc-8.2.1-1.7/linux-x64/install/arm-none-eabi-gcc --infodir=/Host/home/ilg/Work/arm-none-eabi-gcc-8.2.1-1.7/linux-x64/install/arm-none-eabi-gcc/share/doc/info --mandir=/Host/home/ilg/Work/arm-none-eabi-gcc-8.2.1-1.7/linux-x64/install/arm-none-eabi-gcc/share/doc/man --htmldir=/Host/home/ilg/Work/arm-none-eabi-gcc-8.2.1-1.7/linux-x64/install/arm-none-eabi-gcc/share/doc/html --pdfdir=/Host/home/ilg/Work/arm-none-eabi-gcc-8.2.1-1.7/linux-x64/install/arm-none-eabi-gcc/share/doc/pdf --build=x86_64-unknown-linux-gnu --host=x86_64-unknown-linux-gnu --target=arm-none-eabi --with-pkgversion='GNU MCU Eclipse ARM Embedded GCC\x2C 64-bit' --enable-languages=c,c++ --disable-mingw-wildcard --enable-plugins --enable-lto --disable-decimal-float --disable-libffi --disable-libgomp --disable-libmudflap --disable-libquadmath --disable-libssp --disable-libstdcxx-pch --disable-nls --disable-threads --disable-tls --with-gnu-as --with-gnu-ld --with-newlib --with-headers=yes --with-python-dir=share/gcc-arm-none-eabi --with-sysroot=/Host/home/ilg/Work/arm-none-eabi-gcc-8.2.1-1.7/linux-x64/install/arm-none-eabi-gcc/arm-none-eabi --with-multilib-list=rmprofile --disable-rpath --disable-build-format-warnings --with-system-zlib]
  ignore line: [Thread model: single]
  ignore line: [gcc version 8.2.1 20181213 (release) [gcc-8-branch revision 267074] (GNU MCU Eclipse ARM Embedded GCC  64-bit) ]
  ignore line: [COMPILER_PATH=/home/fx/Arduino_stm32/arm-none-eabi-gcc/download/gcc-arm-none-eabi-8.2.1-1.7/bin/../libexec/gcc/arm-none-eabi/8.2.1/:/home/fx/Arduino_stm32/arm-none-eabi-gcc/download/gcc-arm-none-eabi-8.2.1-1.7/bin/../libexec/gcc/:/home/fx/Arduino_stm32/arm-none-eabi-gcc/download/gcc-arm-none-eabi-8.2.1-1.7/bin/../lib/gcc/arm-none-eabi/8.2.1/../../../../arm-none-eabi/bin/]
  ignore line: [LIBRARY_PATH=/home/fx/Arduino_stm32/arm-none-eabi-gcc/download/gcc-arm-none-eabi-8.2.1-1.7/bin/../lib/gcc/arm-none-eabi/8.2.1/thumb/v7-m/nofp/:/home/fx/Arduino_stm32/arm-none-eabi-gcc/download/gcc-arm-none-eabi-8.2.1-1.7/bin/../lib/gcc/arm-none-eabi/8.2.1/../../../../arm-none-eabi/lib/thumb/v7-m/nofp/:/home/fx/Arduino_stm32/arm-none-eabi-gcc/download/gcc-arm-none-eabi-8.2.1-1.7/bin/../arm-none-eabi/lib/thumb/v7-m/nofp/:/home/fx/Arduino_stm32/arm-none-eabi-gcc/download/gcc-arm-none-eabi-8.2.1-1.7/bin/../lib/gcc/arm-none-eabi/8.2.1/:/home/fx/Arduino_stm32/arm-none-eabi-gcc/download/gcc-arm-none-eabi-8.2.1-1.7/bin/../lib/gcc/:/home/fx/Arduino_stm32/arm-none-eabi-gcc/download/gcc-arm-none-eabi-8.2.1-1.7/bin/../lib/gcc/arm-none-eabi/8.2.1/../../../../arm-none-eabi/lib/:/home/fx/Arduino_stm32/arm-none-eabi-gcc/download/gcc-arm-none-eabi-8.2.1-1.7/bin/../arm-none-eabi/lib/]
  ignore line: [COLLECT_GCC_OPTIONS='-g' '-Os' '-ffunction-sections' '-fdata-sections' '-nostdlib' '--param' 'max-inline-insns-single=500' '-w' '-mcpu=cortex-m3' '-mthumb' '-g' '-D' 'GENERIC_BOOTLOADER' '-D' 'F_CPU=72000000LL' '-D' 'ARDUINO_ARCH_STM32F1' '-D' 'CONFIG_MAPLE_MINI_NO_DISABLE_DEBUG' '-fno-rtti' '-fno-exceptions' '-std=gnu++11' '-Werror=return-type' '-v' '-o' 'cmTC_6b026' '-mfloat-abi=soft' '-march=armv7-m']
  link line: [ /home/fx/Arduino_stm32/arm-none-eabi-gcc/download/gcc-arm-none-eabi-8.2.1-1.7/bin/../libexec/gcc/arm-none-eabi/8.2.1/collect2 -plugin /home/fx/Arduino_stm32/arm-none-eabi-gcc/download/gcc-arm-none-eabi-8.2.1-1.7/bin/../libexec/gcc/arm-none-eabi/8.2.1/liblto_plugin.so -plugin-opt=/home/fx/Arduino_stm32/arm-none-eabi-gcc/download/gcc-arm-none-eabi-8.2.1-1.7/bin/../libexec/gcc/arm-none-eabi/8.2.1/lto-wrapper -plugin-opt=-fresolution=/tmp/ccMbFsp3.res --sysroot=/home/fx/Arduino_stm32/arm-none-eabi-gcc/download/gcc-arm-none-eabi-8.2.1-1.7/bin/../arm-none-eabi -X -o cmTC_6b026 -L/home/fx/Arduino_stm32/arm-none-eabi-gcc/download/gcc-arm-none-eabi-8.2.1-1.7/bin/../lib/gcc/arm-none-eabi/8.2.1/thumb/v7-m/nofp -L/home/fx/Arduino_stm32/arm-none-eabi-gcc/download/gcc-arm-none-eabi-8.2.1-1.7/bin/../lib/gcc/arm-none-eabi/8.2.1/../../../../arm-none-eabi/lib/thumb/v7-m/nofp -L/home/fx/Arduino_stm32/arm-none-eabi-gcc/download/gcc-arm-none-eabi-8.2.1-1.7/bin/../arm-none-eabi/lib/thumb/v7-m/nofp -L/home/fx/Arduino_stm32/arm-none-eabi-gcc/download/gcc-arm-none-eabi-8.2.1-1.7/bin/../lib/gcc/arm-none-eabi/8.2.1 -L/home/fx/Arduino_stm32/arm-none-eabi-gcc/download/gcc-arm-none-eabi-8.2.1-1.7/bin/../lib/gcc -L/home/fx/Arduino_stm32/arm-none-eabi-gcc/download/gcc-arm-none-eabi-8.2.1-1.7/bin/../lib/gcc/arm-none-eabi/8.2.1/../../../../arm-none-eabi/lib -L/home/fx/Arduino_stm32/arm-none-eabi-gcc/download/gcc-arm-none-eabi-8.2.1-1.7/bin/../arm-none-eabi/lib --gc-sections -lm CMakeFiles/cmTC_6b026.dir/CMakeCXXCompilerABI.cpp.obj]
    arg [/home/fx/Arduino_stm32/arm-none-eabi-gcc/download/gcc-arm-none-eabi-8.2.1-1.7/bin/../libexec/gcc/arm-none-eabi/8.2.1/collect2] ==> ignore
    arg [-plugin] ==> ignore
    arg [/home/fx/Arduino_stm32/arm-none-eabi-gcc/download/gcc-arm-none-eabi-8.2.1-1.7/bin/../libexec/gcc/arm-none-eabi/8.2.1/liblto_plugin.so] ==> ignore
    arg [-plugin-opt=/home/fx/Arduino_stm32/arm-none-eabi-gcc/download/gcc-arm-none-eabi-8.2.1-1.7/bin/../libexec/gcc/arm-none-eabi/8.2.1/lto-wrapper] ==> ignore
    arg [-plugin-opt=-fresolution=/tmp/ccMbFsp3.res] ==> ignore
    arg [--sysroot=/home/fx/Arduino_stm32/arm-none-eabi-gcc/download/gcc-arm-none-eabi-8.2.1-1.7/bin/../arm-none-eabi] ==> ignore
    arg [-X] ==> ignore
    arg [-o] ==> ignore
    arg [cmTC_6b026] ==> ignore
    arg [-L/home/fx/Arduino_stm32/arm-none-eabi-gcc/download/gcc-arm-none-eabi-8.2.1-1.7/bin/../lib/gcc/arm-none-eabi/8.2.1/thumb/v7-m/nofp] ==> dir [/home/fx/Arduino_stm32/arm-none-eabi-gcc/download/gcc-arm-none-eabi-8.2.1-1.7/bin/../lib/gcc/arm-none-eabi/8.2.1/thumb/v7-m/nofp]
    arg [-L/home/fx/Arduino_stm32/arm-none-eabi-gcc/download/gcc-arm-none-eabi-8.2.1-1.7/bin/../lib/gcc/arm-none-eabi/8.2.1/../../../../arm-none-eabi/lib/thumb/v7-m/nofp] ==> dir [/home/fx/Arduino_stm32/arm-none-eabi-gcc/download/gcc-arm-none-eabi-8.2.1-1.7/bin/../lib/gcc/arm-none-eabi/8.2.1/../../../../arm-none-eabi/lib/thumb/v7-m/nofp]
    arg [-L/home/fx/Arduino_stm32/arm-none-eabi-gcc/download/gcc-arm-none-eabi-8.2.1-1.7/bin/../arm-none-eabi/lib/thumb/v7-m/nofp] ==> dir [/home/fx/Arduino_stm32/arm-none-eabi-gcc/download/gcc-arm-none-eabi-8.2.1-1.7/bin/../arm-none-eabi/lib/thumb/v7-m/nofp]
    arg [-L/home/fx/Arduino_stm32/arm-none-eabi-gcc/download/gcc-arm-none-eabi-8.2.1-1.7/bin/../lib/gcc/arm-none-eabi/8.2.1] ==> dir [/home/fx/Arduino_stm32/arm-none-eabi-gcc/download/gcc-arm-none-eabi-8.2.1-1.7/bin/../lib/gcc/arm-none-eabi/8.2.1]
    arg [-L/home/fx/Arduino_stm32/arm-none-eabi-gcc/download/gcc-arm-none-eabi-8.2.1-1.7/bin/../lib/gcc] ==> dir [/home/fx/Arduino_stm32/arm-none-eabi-gcc/download/gcc-arm-none-eabi-8.2.1-1.7/bin/../lib/gcc]
    arg [-L/home/fx/Arduino_stm32/arm-none-eabi-gcc/download/gcc-arm-none-eabi-8.2.1-1.7/bin/../lib/gcc/arm-none-eabi/8.2.1/../../../../arm-none-eabi/lib] ==> dir [/home/fx/Arduino_stm32/arm-none-eabi-gcc/download/gcc-arm-none-eabi-8.2.1-1.7/bin/../lib/gcc/arm-none-eabi/8.2.1/../../../../arm-none-eabi/lib]
    arg [-L/home/fx/Arduino_stm32/arm-none-eabi-gcc/download/gcc-arm-none-eabi-8.2.1-1.7/bin/../arm-none-eabi/lib] ==> dir [/home/fx/Arduino_stm32/arm-none-eabi-gcc/download/gcc-arm-none-eabi-8.2.1-1.7/bin/../arm-none-eabi/lib]
    arg [--gc-sections] ==> ignore
    arg [-lm] ==> lib [m]
    arg [CMakeFiles/cmTC_6b026.dir/CMakeCXXCompilerABI.cpp.obj] ==> ignore
  collapse library dir [/home/fx/Arduino_stm32/arm-none-eabi-gcc/download/gcc-arm-none-eabi-8.2.1-1.7/bin/../lib/gcc/arm-none-eabi/8.2.1/thumb/v7-m/nofp] ==> [/home/fx/Arduino_stm32/arm-none-eabi-gcc/download/gcc-arm-none-eabi-8.2.1-1.7/lib/gcc/arm-none-eabi/8.2.1/thumb/v7-m/nofp]
  collapse library dir [/home/fx/Arduino_stm32/arm-none-eabi-gcc/download/gcc-arm-none-eabi-8.2.1-1.7/bin/../lib/gcc/arm-none-eabi/8.2.1/../../../../arm-none-eabi/lib/thumb/v7-m/nofp] ==> [/home/fx/Arduino_stm32/arm-none-eabi-gcc/download/gcc-arm-none-eabi-8.2.1-1.7/arm-none-eabi/lib/thumb/v7-m/nofp]
  collapse library dir [/home/fx/Arduino_stm32/arm-none-eabi-gcc/download/gcc-arm-none-eabi-8.2.1-1.7/bin/../arm-none-eabi/lib/thumb/v7-m/nofp] ==> [/home/fx/Arduino_stm32/arm-none-eabi-gcc/download/gcc-arm-none-eabi-8.2.1-1.7/arm-none-eabi/lib/thumb/v7-m/nofp]
  collapse library dir [/home/fx/Arduino_stm32/arm-none-eabi-gcc/download/gcc-arm-none-eabi-8.2.1-1.7/bin/../lib/gcc/arm-none-eabi/8.2.1] ==> [/home/fx/Arduino_stm32/arm-none-eabi-gcc/download/gcc-arm-none-eabi-8.2.1-1.7/lib/gcc/arm-none-eabi/8.2.1]
  collapse library dir [/home/fx/Arduino_stm32/arm-none-eabi-gcc/download/gcc-arm-none-eabi-8.2.1-1.7/bin/../lib/gcc] ==> [/home/fx/Arduino_stm32/arm-none-eabi-gcc/download/gcc-arm-none-eabi-8.2.1-1.7/lib/gcc]
  collapse library dir [/home/fx/Arduino_stm32/arm-none-eabi-gcc/download/gcc-arm-none-eabi-8.2.1-1.7/bin/../lib/gcc/arm-none-eabi/8.2.1/../../../../arm-none-eabi/lib] ==> [/home/fx/Arduino_stm32/arm-none-eabi-gcc/download/gcc-arm-none-eabi-8.2.1-1.7/arm-none-eabi/lib]
  collapse library dir [/home/fx/Arduino_stm32/arm-none-eabi-gcc/download/gcc-arm-none-eabi-8.2.1-1.7/bin/../arm-none-eabi/lib] ==> [/home/fx/Arduino_stm32/arm-none-eabi-gcc/download/gcc-arm-none-eabi-8.2.1-1.7/arm-none-eabi/lib]
  implicit libs: [m]
  implicit dirs: [/home/fx/Arduino_stm32/arm-none-eabi-gcc/download/gcc-arm-none-eabi-8.2.1-1.7/lib/gcc/arm-none-eabi/8.2.1/thumb/v7-m/nofp;/home/fx/Arduino_stm32/arm-none-eabi-gcc/download/gcc-arm-none-eabi-8.2.1-1.7/arm-none-eabi/lib/thumb/v7-m/nofp;/home/fx/Arduino_stm32/arm-none-eabi-gcc/download/gcc-arm-none-eabi-8.2.1-1.7/lib/gcc/arm-none-eabi/8.2.1;/home/fx/Arduino_stm32/arm-none-eabi-gcc/download/gcc-arm-none-eabi-8.2.1-1.7/lib/gcc;/home/fx/Arduino_stm32/arm-none-eabi-gcc/download/gcc-arm-none-eabi-8.2.1-1.7/arm-none-eabi/lib]
  implicit fwks: []


